[2024-10-03T12:05:33.929+0300] {triggerer_job_runner.py:181} INFO - Setting up TriggererHandlerWrapper with handler <FileTaskHandler (NOTSET)>
[2024-10-03T12:05:33.932+0300] {triggerer_job_runner.py:237} INFO - Setting up logging queue listener with handlers [<RedirectStdHandler <stdout> (NOTSET)>, <NonCachingFileHandler /home/kate/Workspace/Studies/3d_year/PMLDL/MLOps_extended/services/airflow/logs/triggerer.log (NOTSET)>, <TriggererHandlerWrapper (NOTSET)>]
[2024-10-03T12:05:33.944+0300] {triggerer_job_runner.py:338} INFO - Starting the triggerer
[2024-10-03T12:06:34.005+0300] {triggerer_job_runner.py:510} INFO - 0 triggers currently running
[2024-10-03T12:07:34.063+0300] {triggerer_job_runner.py:510} INFO - 0 triggers currently running
[2024-10-03T12:08:34.123+0300] {triggerer_job_runner.py:510} INFO - 0 triggers currently running
[2024-10-03T12:09:34.184+0300] {triggerer_job_runner.py:510} INFO - 0 triggers currently running
[2024-10-03T12:10:34.240+0300] {triggerer_job_runner.py:510} INFO - 0 triggers currently running
[2024-10-03T12:11:34.308+0300] {triggerer_job_runner.py:510} INFO - 0 triggers currently running
[2024-10-03T12:12:34.364+0300] {triggerer_job_runner.py:510} INFO - 0 triggers currently running
[2024-10-03T12:13:34.426+0300] {triggerer_job_runner.py:510} INFO - 0 triggers currently running
[2024-10-03T12:14:34.488+0300] {triggerer_job_runner.py:510} INFO - 0 triggers currently running
[2024-10-03T12:15:34.545+0300] {triggerer_job_runner.py:510} INFO - 0 triggers currently running
[2024-10-03T12:16:34.605+0300] {triggerer_job_runner.py:510} INFO - 0 triggers currently running
[2024-10-03T12:17:34.657+0300] {triggerer_job_runner.py:510} INFO - 0 triggers currently running
[2024-10-03T12:18:34.716+0300] {triggerer_job_runner.py:510} INFO - 0 triggers currently running
[2024-10-03T12:19:34.772+0300] {triggerer_job_runner.py:510} INFO - 0 triggers currently running
[2024-10-03T12:20:34.829+0300] {triggerer_job_runner.py:510} INFO - 0 triggers currently running
[2024-10-03T12:21:34.888+0300] {triggerer_job_runner.py:510} INFO - 0 triggers currently running
[2024-10-03T12:22:34.945+0300] {triggerer_job_runner.py:510} INFO - 0 triggers currently running
[2024-10-03T12:23:35.004+0300] {triggerer_job_runner.py:510} INFO - 0 triggers currently running
[2024-10-03T12:24:35.058+0300] {triggerer_job_runner.py:510} INFO - 0 triggers currently running
[2024-10-03T12:25:35.117+0300] {triggerer_job_runner.py:510} INFO - 0 triggers currently running
[2024-10-03T12:26:35.182+0300] {triggerer_job_runner.py:510} INFO - 0 triggers currently running
[2024-10-03T12:27:35.243+0300] {triggerer_job_runner.py:510} INFO - 0 triggers currently running
[2024-10-03T12:28:35.307+0300] {triggerer_job_runner.py:510} INFO - 0 triggers currently running
[2024-10-03T12:29:35.365+0300] {triggerer_job_runner.py:510} INFO - 0 triggers currently running
[2024-10-03T12:30:35.429+0300] {triggerer_job_runner.py:510} INFO - 0 triggers currently running
[2024-10-03T12:31:35.488+0300] {triggerer_job_runner.py:510} INFO - 0 triggers currently running
[2024-10-03T12:32:35.539+0300] {triggerer_job_runner.py:510} INFO - 0 triggers currently running
[2024-10-03T12:33:35.599+0300] {triggerer_job_runner.py:510} INFO - 0 triggers currently running
[2024-10-03T12:34:35.651+0300] {triggerer_job_runner.py:510} INFO - 0 triggers currently running
[2024-10-03T12:35:35.718+0300] {triggerer_job_runner.py:510} INFO - 0 triggers currently running
[2024-10-03T12:36:35.780+0300] {triggerer_job_runner.py:510} INFO - 0 triggers currently running
[2024-10-03T12:37:35.835+0300] {triggerer_job_runner.py:510} INFO - 0 triggers currently running
[2024-10-03T12:38:35.889+0300] {triggerer_job_runner.py:510} INFO - 0 triggers currently running
[2024-10-03T12:39:35.934+0300] {triggerer_job_runner.py:510} INFO - 0 triggers currently running
[2024-10-03T12:40:35.983+0300] {triggerer_job_runner.py:510} INFO - 0 triggers currently running
[2024-10-03T12:41:36.035+0300] {triggerer_job_runner.py:510} INFO - 0 triggers currently running
[2024-10-03T12:42:36.086+0300] {triggerer_job_runner.py:510} INFO - 0 triggers currently running
[2024-10-03T12:43:36.145+0300] {triggerer_job_runner.py:510} INFO - 0 triggers currently running
[2024-10-03T12:44:36.203+0300] {triggerer_job_runner.py:510} INFO - 0 triggers currently running
[2024-10-03T12:45:36.264+0300] {triggerer_job_runner.py:510} INFO - 0 triggers currently running
[2024-10-03T12:46:36.315+0300] {triggerer_job_runner.py:510} INFO - 0 triggers currently running
[2024-10-03T12:47:36.363+0300] {triggerer_job_runner.py:510} INFO - 0 triggers currently running
[2024-10-03T12:48:36.426+0300] {triggerer_job_runner.py:510} INFO - 0 triggers currently running
[2024-10-03T12:49:36.487+0300] {triggerer_job_runner.py:510} INFO - 0 triggers currently running
[2024-10-03T12:50:36.549+0300] {triggerer_job_runner.py:510} INFO - 0 triggers currently running
[2024-10-03T12:51:36.617+0300] {triggerer_job_runner.py:510} INFO - 0 triggers currently running
[2024-10-03T12:52:36.678+0300] {triggerer_job_runner.py:510} INFO - 0 triggers currently running
[2024-10-03T12:53:36.733+0300] {triggerer_job_runner.py:510} INFO - 0 triggers currently running
[2024-10-03T12:54:36.786+0300] {triggerer_job_runner.py:510} INFO - 0 triggers currently running
[2024-10-03T12:55:36.845+0300] {triggerer_job_runner.py:510} INFO - 0 triggers currently running
[2024-10-03T12:56:36.906+0300] {triggerer_job_runner.py:510} INFO - 0 triggers currently running
[2024-10-03T12:57:36.967+0300] {triggerer_job_runner.py:510} INFO - 0 triggers currently running
[2024-10-03T12:58:37.030+0300] {triggerer_job_runner.py:510} INFO - 0 triggers currently running
[2024-10-03T12:59:37.087+0300] {triggerer_job_runner.py:510} INFO - 0 triggers currently running
[2024-10-03T13:00:37.145+0300] {triggerer_job_runner.py:510} INFO - 0 triggers currently running
[2024-10-03T13:01:37.207+0300] {triggerer_job_runner.py:510} INFO - 0 triggers currently running
[2024-10-03T13:02:37.263+0300] {triggerer_job_runner.py:510} INFO - 0 triggers currently running
[2024-10-03T13:03:37.325+0300] {triggerer_job_runner.py:510} INFO - 0 triggers currently running
[2024-10-03T13:18:50.473+0300] {triggerer_job_runner.py:605} INFO - Triggerer's async thread was blocked for 2.84 seconds, likely by a badly-written trigger. Set PYTHONASYNCIODEBUG=1 to get more information on overrunning coroutines.
[2024-10-03T13:18:50.559+0300] {triggerer_job_runner.py:510} INFO - 0 triggers currently running
[2024-10-03T13:18:51.274+0300] {job.py:229} INFO - Heartbeat recovered after 888.08 seconds
[2024-10-03T13:19:50.617+0300] {triggerer_job_runner.py:510} INFO - 0 triggers currently running
[2024-10-03T13:20:50.678+0300] {triggerer_job_runner.py:510} INFO - 0 triggers currently running
[2024-10-03T13:21:50.742+0300] {triggerer_job_runner.py:510} INFO - 0 triggers currently running
[2024-10-03T13:22:50.797+0300] {triggerer_job_runner.py:510} INFO - 0 triggers currently running
[2024-10-03T13:23:50.852+0300] {triggerer_job_runner.py:510} INFO - 0 triggers currently running
[2024-10-03T13:24:50.909+0300] {triggerer_job_runner.py:510} INFO - 0 triggers currently running
[2024-10-03T13:25:50.964+0300] {triggerer_job_runner.py:510} INFO - 0 triggers currently running
[2024-10-03T13:26:51.023+0300] {triggerer_job_runner.py:510} INFO - 0 triggers currently running
[2024-10-03T13:27:51.087+0300] {triggerer_job_runner.py:510} INFO - 0 triggers currently running
[2024-10-03T13:28:51.146+0300] {triggerer_job_runner.py:510} INFO - 0 triggers currently running
[2024-10-03T13:29:51.207+0300] {triggerer_job_runner.py:510} INFO - 0 triggers currently running
[2024-10-03T13:30:51.276+0300] {triggerer_job_runner.py:510} INFO - 0 triggers currently running
[2024-10-03T13:31:51.331+0300] {triggerer_job_runner.py:510} INFO - 0 triggers currently running
[2024-10-03T13:32:33.548+0300] {triggerer_job_runner.py:605} INFO - Triggerer's async thread was blocked for 1.21 seconds, likely by a badly-written trigger. Set PYTHONASYNCIODEBUG=1 to get more information on overrunning coroutines.
[2024-10-03T13:32:51.565+0300] {triggerer_job_runner.py:510} INFO - 0 triggers currently running
[2024-10-03T13:33:51.623+0300] {triggerer_job_runner.py:510} INFO - 0 triggers currently running
[2024-10-03T13:34:51.682+0300] {triggerer_job_runner.py:510} INFO - 0 triggers currently running
[2024-10-03T13:35:51.744+0300] {triggerer_job_runner.py:510} INFO - 0 triggers currently running
[2024-10-03T13:36:51.808+0300] {triggerer_job_runner.py:510} INFO - 0 triggers currently running
[2024-10-03T13:37:51.864+0300] {triggerer_job_runner.py:510} INFO - 0 triggers currently running
[2024-10-03T13:38:51.928+0300] {triggerer_job_runner.py:510} INFO - 0 triggers currently running
[2024-10-03T13:39:51.994+0300] {triggerer_job_runner.py:510} INFO - 0 triggers currently running
[2024-10-03T13:40:52.059+0300] {triggerer_job_runner.py:510} INFO - 0 triggers currently running
[2024-10-03T13:41:52.122+0300] {triggerer_job_runner.py:510} INFO - 0 triggers currently running
[2024-10-03T13:42:52.184+0300] {triggerer_job_runner.py:510} INFO - 0 triggers currently running
[2024-10-03T13:43:52.241+0300] {triggerer_job_runner.py:510} INFO - 0 triggers currently running
[2024-10-03T13:44:52.299+0300] {triggerer_job_runner.py:510} INFO - 0 triggers currently running
[2024-10-03T13:45:52.354+0300] {triggerer_job_runner.py:510} INFO - 0 triggers currently running
[2024-10-03T13:46:52.414+0300] {triggerer_job_runner.py:510} INFO - 0 triggers currently running
[2024-10-03T13:47:52.464+0300] {triggerer_job_runner.py:510} INFO - 0 triggers currently running
[2024-10-03T13:48:52.520+0300] {triggerer_job_runner.py:510} INFO - 0 triggers currently running
[2024-10-03T13:49:52.580+0300] {triggerer_job_runner.py:510} INFO - 0 triggers currently running
[2024-10-03T13:50:52.640+0300] {triggerer_job_runner.py:510} INFO - 0 triggers currently running
[2024-10-03T13:51:52.704+0300] {triggerer_job_runner.py:510} INFO - 0 triggers currently running
[2024-10-03T13:52:52.766+0300] {triggerer_job_runner.py:510} INFO - 0 triggers currently running
[2024-10-03T13:53:52.829+0300] {triggerer_job_runner.py:510} INFO - 0 triggers currently running
[2024-10-03T13:54:52.889+0300] {triggerer_job_runner.py:510} INFO - 0 triggers currently running
[2024-10-03T13:55:52.943+0300] {triggerer_job_runner.py:510} INFO - 0 triggers currently running
[2024-10-03T13:56:52.995+0300] {triggerer_job_runner.py:510} INFO - 0 triggers currently running
[2024-10-03T13:57:53.054+0300] {triggerer_job_runner.py:510} INFO - 0 triggers currently running
[2024-10-03T13:58:53.117+0300] {triggerer_job_runner.py:510} INFO - 0 triggers currently running
[2024-10-03T13:59:53.167+0300] {triggerer_job_runner.py:510} INFO - 0 triggers currently running
[2024-10-03T14:00:53.228+0300] {triggerer_job_runner.py:510} INFO - 0 triggers currently running
[2024-10-03T14:01:53.290+0300] {triggerer_job_runner.py:510} INFO - 0 triggers currently running
[2024-10-03T14:02:53.341+0300] {triggerer_job_runner.py:510} INFO - 0 triggers currently running
[2024-10-03T14:03:53.403+0300] {triggerer_job_runner.py:510} INFO - 0 triggers currently running
[2024-10-03T14:04:53.456+0300] {triggerer_job_runner.py:510} INFO - 0 triggers currently running
[2024-10-03T14:05:53.515+0300] {triggerer_job_runner.py:510} INFO - 0 triggers currently running
[2024-10-03T14:06:53.577+0300] {triggerer_job_runner.py:510} INFO - 0 triggers currently running
[2024-10-03T14:07:53.633+0300] {triggerer_job_runner.py:510} INFO - 0 triggers currently running
[2024-10-03T14:08:53.692+0300] {triggerer_job_runner.py:510} INFO - 0 triggers currently running
[2024-10-03T14:09:53.751+0300] {triggerer_job_runner.py:510} INFO - 0 triggers currently running
[2024-10-03T14:10:53.812+0300] {triggerer_job_runner.py:510} INFO - 0 triggers currently running
[2024-10-03T14:11:53.875+0300] {triggerer_job_runner.py:510} INFO - 0 triggers currently running
[2024-10-03T14:12:53.943+0300] {triggerer_job_runner.py:510} INFO - 0 triggers currently running
[2024-10-03T14:13:54.010+0300] {triggerer_job_runner.py:510} INFO - 0 triggers currently running
[2024-10-03T14:14:54.071+0300] {triggerer_job_runner.py:510} INFO - 0 triggers currently running
[2024-10-03T14:15:54.136+0300] {triggerer_job_runner.py:510} INFO - 0 triggers currently running
[2024-10-03T14:16:54.190+0300] {triggerer_job_runner.py:510} INFO - 0 triggers currently running
[2024-10-03T14:17:54.255+0300] {triggerer_job_runner.py:510} INFO - 0 triggers currently running
[2024-10-03T14:18:54.311+0300] {triggerer_job_runner.py:510} INFO - 0 triggers currently running
[2024-10-03T14:19:54.375+0300] {triggerer_job_runner.py:510} INFO - 0 triggers currently running
[2024-10-03T14:20:54.437+0300] {triggerer_job_runner.py:510} INFO - 0 triggers currently running
[2024-10-03T14:21:54.497+0300] {triggerer_job_runner.py:510} INFO - 0 triggers currently running
[2024-10-03T14:22:54.554+0300] {triggerer_job_runner.py:510} INFO - 0 triggers currently running
[2024-10-03T14:23:54.614+0300] {triggerer_job_runner.py:510} INFO - 0 triggers currently running
[2024-10-03T14:24:54.672+0300] {triggerer_job_runner.py:510} INFO - 0 triggers currently running
[2024-10-03T14:25:54.735+0300] {triggerer_job_runner.py:510} INFO - 0 triggers currently running
[2024-10-03T14:26:54.796+0300] {triggerer_job_runner.py:510} INFO - 0 triggers currently running
[2024-10-03T14:27:54.856+0300] {triggerer_job_runner.py:510} INFO - 0 triggers currently running
[2024-10-03T14:28:54.914+0300] {triggerer_job_runner.py:510} INFO - 0 triggers currently running
[2024-10-03T14:29:54.978+0300] {triggerer_job_runner.py:510} INFO - 0 triggers currently running
[2024-10-03T14:30:55.033+0300] {triggerer_job_runner.py:510} INFO - 0 triggers currently running
[2024-10-03T14:31:55.094+0300] {triggerer_job_runner.py:510} INFO - 0 triggers currently running
[2024-10-03T14:32:55.155+0300] {triggerer_job_runner.py:510} INFO - 0 triggers currently running
[2024-10-03T14:33:55.213+0300] {triggerer_job_runner.py:510} INFO - 0 triggers currently running
[2024-10-03T14:34:55.272+0300] {triggerer_job_runner.py:510} INFO - 0 triggers currently running
[2024-10-03T14:35:55.332+0300] {triggerer_job_runner.py:510} INFO - 0 triggers currently running
[2024-10-03T14:36:55.388+0300] {triggerer_job_runner.py:510} INFO - 0 triggers currently running
[2024-10-03T14:37:55.445+0300] {triggerer_job_runner.py:510} INFO - 0 triggers currently running
[2024-10-03T14:38:55.508+0300] {triggerer_job_runner.py:510} INFO - 0 triggers currently running
[2024-10-03T14:39:55.568+0300] {triggerer_job_runner.py:510} INFO - 0 triggers currently running
[2024-10-03T14:40:55.629+0300] {triggerer_job_runner.py:510} INFO - 0 triggers currently running
[2024-10-03T14:41:55.689+0300] {triggerer_job_runner.py:510} INFO - 0 triggers currently running
[2024-10-03T14:42:55.747+0300] {triggerer_job_runner.py:510} INFO - 0 triggers currently running
[2024-10-03T14:43:55.805+0300] {triggerer_job_runner.py:510} INFO - 0 triggers currently running
[2024-10-03T14:44:55.868+0300] {triggerer_job_runner.py:510} INFO - 0 triggers currently running
[2024-10-03T14:45:55.930+0300] {triggerer_job_runner.py:510} INFO - 0 triggers currently running
[2024-10-03T14:46:55.987+0300] {triggerer_job_runner.py:510} INFO - 0 triggers currently running
[2024-10-03T14:47:56.046+0300] {triggerer_job_runner.py:510} INFO - 0 triggers currently running
[2024-10-03T14:48:56.104+0300] {triggerer_job_runner.py:510} INFO - 0 triggers currently running
[2024-10-03T14:49:56.165+0300] {triggerer_job_runner.py:510} INFO - 0 triggers currently running
[2024-10-03T14:50:56.224+0300] {triggerer_job_runner.py:510} INFO - 0 triggers currently running
[2024-10-03T14:51:56.286+0300] {triggerer_job_runner.py:510} INFO - 0 triggers currently running
[2024-10-03T14:52:56.345+0300] {triggerer_job_runner.py:510} INFO - 0 triggers currently running
[2024-10-03T14:53:56.409+0300] {triggerer_job_runner.py:510} INFO - 0 triggers currently running
[2024-10-03T14:54:56.474+0300] {triggerer_job_runner.py:510} INFO - 0 triggers currently running
[2024-10-03T14:55:56.536+0300] {triggerer_job_runner.py:510} INFO - 0 triggers currently running
[2024-10-03T14:56:56.600+0300] {triggerer_job_runner.py:510} INFO - 0 triggers currently running
[2024-10-03T14:57:56.662+0300] {triggerer_job_runner.py:510} INFO - 0 triggers currently running
[2024-10-03T14:58:56.725+0300] {triggerer_job_runner.py:510} INFO - 0 triggers currently running
[2024-10-03T14:59:56.794+0300] {triggerer_job_runner.py:510} INFO - 0 triggers currently running
[2024-10-03T15:00:56.860+0300] {triggerer_job_runner.py:510} INFO - 0 triggers currently running
[2024-10-03T15:01:56.919+0300] {triggerer_job_runner.py:510} INFO - 0 triggers currently running
[2024-10-03T15:02:56.981+0300] {triggerer_job_runner.py:510} INFO - 0 triggers currently running
[2024-10-03T15:03:57.047+0300] {triggerer_job_runner.py:510} INFO - 0 triggers currently running
[2024-10-03T15:04:57.114+0300] {triggerer_job_runner.py:510} INFO - 0 triggers currently running
[2024-10-03T15:05:57.177+0300] {triggerer_job_runner.py:510} INFO - 0 triggers currently running
[2024-10-03T15:06:57.239+0300] {triggerer_job_runner.py:510} INFO - 0 triggers currently running
[2024-10-03T15:07:57.295+0300] {triggerer_job_runner.py:510} INFO - 0 triggers currently running
[2024-10-03T15:08:57.361+0300] {triggerer_job_runner.py:510} INFO - 0 triggers currently running
[2024-10-03T15:09:57.421+0300] {triggerer_job_runner.py:510} INFO - 0 triggers currently running
[2024-10-03T15:10:57.484+0300] {triggerer_job_runner.py:510} INFO - 0 triggers currently running
[2024-10-03T15:11:57.544+0300] {triggerer_job_runner.py:510} INFO - 0 triggers currently running
[2024-10-03T15:12:57.608+0300] {triggerer_job_runner.py:510} INFO - 0 triggers currently running
[2024-10-03T15:13:57.662+0300] {triggerer_job_runner.py:510} INFO - 0 triggers currently running
[2024-10-03T15:14:57.717+0300] {triggerer_job_runner.py:510} INFO - 0 triggers currently running
[2024-10-03T15:15:57.776+0300] {triggerer_job_runner.py:510} INFO - 0 triggers currently running
[2024-10-03T15:16:57.846+0300] {triggerer_job_runner.py:510} INFO - 0 triggers currently running
[2024-10-03T15:17:57.904+0300] {triggerer_job_runner.py:510} INFO - 0 triggers currently running
[2024-10-03T15:18:57.968+0300] {triggerer_job_runner.py:510} INFO - 0 triggers currently running
[2024-10-03T15:19:58.022+0300] {triggerer_job_runner.py:510} INFO - 0 triggers currently running
[2024-10-03T15:20:58.080+0300] {triggerer_job_runner.py:510} INFO - 0 triggers currently running
[2024-10-03T15:21:58.139+0300] {triggerer_job_runner.py:510} INFO - 0 triggers currently running
[2024-10-03T15:22:58.206+0300] {triggerer_job_runner.py:510} INFO - 0 triggers currently running
[2024-10-03T15:23:58.270+0300] {triggerer_job_runner.py:510} INFO - 0 triggers currently running
[2024-10-03T15:24:58.330+0300] {triggerer_job_runner.py:510} INFO - 0 triggers currently running
[2024-10-03T15:25:58.388+0300] {triggerer_job_runner.py:510} INFO - 0 triggers currently running
[2024-10-03T15:26:58.444+0300] {triggerer_job_runner.py:510} INFO - 0 triggers currently running
[2024-10-03T15:27:58.516+0300] {triggerer_job_runner.py:510} INFO - 0 triggers currently running
[2024-10-03T15:28:58.577+0300] {triggerer_job_runner.py:510} INFO - 0 triggers currently running
[2024-10-03T15:29:58.635+0300] {triggerer_job_runner.py:510} INFO - 0 triggers currently running
[2024-10-03T15:30:58.694+0300] {triggerer_job_runner.py:510} INFO - 0 triggers currently running
[2024-10-03T15:31:58.748+0300] {triggerer_job_runner.py:510} INFO - 0 triggers currently running
[2024-10-03T15:32:58.810+0300] {triggerer_job_runner.py:510} INFO - 0 triggers currently running
[2024-10-03T15:33:58.861+0300] {triggerer_job_runner.py:510} INFO - 0 triggers currently running
[2024-10-03T15:34:58.914+0300] {triggerer_job_runner.py:510} INFO - 0 triggers currently running
[2024-10-03T15:35:58.973+0300] {triggerer_job_runner.py:510} INFO - 0 triggers currently running
[2024-10-03T15:36:59.028+0300] {triggerer_job_runner.py:510} INFO - 0 triggers currently running
[2024-10-03T15:37:59.084+0300] {triggerer_job_runner.py:510} INFO - 0 triggers currently running
[2024-10-03T15:38:59.142+0300] {triggerer_job_runner.py:510} INFO - 0 triggers currently running
[2024-10-03T15:39:59.210+0300] {triggerer_job_runner.py:510} INFO - 0 triggers currently running
[2024-10-03T15:40:59.272+0300] {triggerer_job_runner.py:510} INFO - 0 triggers currently running
[2024-10-03T15:41:59.331+0300] {triggerer_job_runner.py:510} INFO - 0 triggers currently running
[2024-10-03T15:42:59.390+0300] {triggerer_job_runner.py:510} INFO - 0 triggers currently running
[2024-10-03T15:43:59.446+0300] {triggerer_job_runner.py:510} INFO - 0 triggers currently running
[2024-10-03T15:44:59.510+0300] {triggerer_job_runner.py:510} INFO - 0 triggers currently running
[2024-10-03T15:45:59.572+0300] {triggerer_job_runner.py:510} INFO - 0 triggers currently running
[2024-10-03T15:46:59.631+0300] {triggerer_job_runner.py:510} INFO - 0 triggers currently running
[2024-10-03T15:47:59.691+0300] {triggerer_job_runner.py:510} INFO - 0 triggers currently running
[2024-10-03T15:48:59.755+0300] {triggerer_job_runner.py:510} INFO - 0 triggers currently running
[2024-10-03T15:49:59.824+0300] {triggerer_job_runner.py:510} INFO - 0 triggers currently running
[2024-10-03T15:50:59.892+0300] {triggerer_job_runner.py:510} INFO - 0 triggers currently running
[2024-10-03T15:51:59.952+0300] {triggerer_job_runner.py:510} INFO - 0 triggers currently running
[2024-10-03T15:53:00.009+0300] {triggerer_job_runner.py:510} INFO - 0 triggers currently running
[2024-10-03T15:54:00.070+0300] {triggerer_job_runner.py:510} INFO - 0 triggers currently running
[2024-10-03T15:55:00.134+0300] {triggerer_job_runner.py:510} INFO - 0 triggers currently running
[2024-10-03T15:56:00.197+0300] {triggerer_job_runner.py:510} INFO - 0 triggers currently running
[2024-10-03T15:57:00.260+0300] {triggerer_job_runner.py:510} INFO - 0 triggers currently running
[2024-10-03T15:58:00.322+0300] {triggerer_job_runner.py:510} INFO - 0 triggers currently running
[2024-10-03T15:59:00.381+0300] {triggerer_job_runner.py:510} INFO - 0 triggers currently running
[2024-10-03T16:00:00.447+0300] {triggerer_job_runner.py:510} INFO - 0 triggers currently running
[2024-10-03T16:01:00.515+0300] {triggerer_job_runner.py:510} INFO - 0 triggers currently running
[2024-10-03T16:02:00.576+0300] {triggerer_job_runner.py:510} INFO - 0 triggers currently running
[2024-10-03T16:03:00.640+0300] {triggerer_job_runner.py:510} INFO - 0 triggers currently running
[2024-10-03T16:04:00.706+0300] {triggerer_job_runner.py:510} INFO - 0 triggers currently running
[2024-10-03T16:05:00.769+0300] {triggerer_job_runner.py:510} INFO - 0 triggers currently running
[2024-10-03T16:06:00.826+0300] {triggerer_job_runner.py:510} INFO - 0 triggers currently running
[2024-10-03T16:07:00.881+0300] {triggerer_job_runner.py:510} INFO - 0 triggers currently running
[2024-10-03T16:08:00.941+0300] {triggerer_job_runner.py:510} INFO - 0 triggers currently running
[2024-10-03T16:09:01.000+0300] {triggerer_job_runner.py:510} INFO - 0 triggers currently running
[2024-10-03T16:10:01.060+0300] {triggerer_job_runner.py:510} INFO - 0 triggers currently running
[2024-10-03T16:11:01.125+0300] {triggerer_job_runner.py:510} INFO - 0 triggers currently running
[2024-10-03T16:12:01.180+0300] {triggerer_job_runner.py:510} INFO - 0 triggers currently running
[2024-10-03T16:13:01.239+0300] {triggerer_job_runner.py:510} INFO - 0 triggers currently running
[2024-10-03T16:14:01.300+0300] {triggerer_job_runner.py:510} INFO - 0 triggers currently running
[2024-10-03T16:15:01.360+0300] {triggerer_job_runner.py:510} INFO - 0 triggers currently running
[2024-10-03T16:16:01.415+0300] {triggerer_job_runner.py:510} INFO - 0 triggers currently running
[2024-10-03T16:17:01.472+0300] {triggerer_job_runner.py:510} INFO - 0 triggers currently running
[2024-10-03T16:18:01.529+0300] {triggerer_job_runner.py:510} INFO - 0 triggers currently running
[2024-10-03T16:19:01.585+0300] {triggerer_job_runner.py:510} INFO - 0 triggers currently running
[2024-10-03T16:20:01.647+0300] {triggerer_job_runner.py:510} INFO - 0 triggers currently running
[2024-10-03T16:21:01.704+0300] {triggerer_job_runner.py:510} INFO - 0 triggers currently running
[2024-10-03T16:22:01.764+0300] {triggerer_job_runner.py:510} INFO - 0 triggers currently running
[2024-10-03T16:23:01.822+0300] {triggerer_job_runner.py:510} INFO - 0 triggers currently running
[2024-10-03T16:24:01.884+0300] {triggerer_job_runner.py:510} INFO - 0 triggers currently running
[2024-10-03T16:25:01.945+0300] {triggerer_job_runner.py:510} INFO - 0 triggers currently running
[2024-10-03T16:26:02.006+0300] {triggerer_job_runner.py:510} INFO - 0 triggers currently running
[2024-10-03T16:27:02.062+0300] {triggerer_job_runner.py:510} INFO - 0 triggers currently running
[2024-10-03T16:28:02.125+0300] {triggerer_job_runner.py:510} INFO - 0 triggers currently running
[2024-10-03T19:07:58.475+0300] {triggerer_job_runner.py:605} INFO - Triggerer's async thread was blocked for 2.81 seconds, likely by a badly-written trigger. Set PYTHONASYNCIODEBUG=1 to get more information on overrunning coroutines.
[2024-10-03T19:07:58.476+0300] {triggerer_job_runner.py:510} INFO - 0 triggers currently running
[2024-10-03T19:07:58.531+0300] {job.py:229} INFO - Heartbeat recovered after 9588.81 seconds
[2024-10-03T19:08:58.533+0300] {triggerer_job_runner.py:510} INFO - 0 triggers currently running
[2024-10-03T19:09:58.585+0300] {triggerer_job_runner.py:510} INFO - 0 triggers currently running
[2024-10-03T19:10:58.644+0300] {triggerer_job_runner.py:510} INFO - 0 triggers currently running
[2024-10-03T19:11:58.701+0300] {triggerer_job_runner.py:510} INFO - 0 triggers currently running
[2024-10-03T19:12:58.761+0300] {triggerer_job_runner.py:510} INFO - 0 triggers currently running
[2024-10-03T19:13:58.818+0300] {triggerer_job_runner.py:510} INFO - 0 triggers currently running
[2024-10-03T19:14:58.880+0300] {triggerer_job_runner.py:510} INFO - 0 triggers currently running
[2024-10-03T19:15:58.932+0300] {triggerer_job_runner.py:510} INFO - 0 triggers currently running
[2024-10-03T19:16:58.992+0300] {triggerer_job_runner.py:510} INFO - 0 triggers currently running
[2024-10-03T19:17:59.044+0300] {triggerer_job_runner.py:510} INFO - 0 triggers currently running
[2024-10-03T19:18:59.103+0300] {triggerer_job_runner.py:510} INFO - 0 triggers currently running
[2024-10-03T19:19:59.169+0300] {triggerer_job_runner.py:510} INFO - 0 triggers currently running
[2024-10-03T19:20:59.230+0300] {triggerer_job_runner.py:510} INFO - 0 triggers currently running
[2024-10-03T19:21:59.295+0300] {triggerer_job_runner.py:510} INFO - 0 triggers currently running
[2024-10-03T19:22:59.354+0300] {triggerer_job_runner.py:510} INFO - 0 triggers currently running
[2024-10-03T19:23:59.416+0300] {triggerer_job_runner.py:510} INFO - 0 triggers currently running
[2024-10-03T19:24:59.478+0300] {triggerer_job_runner.py:510} INFO - 0 triggers currently running
[2024-10-03T19:25:59.534+0300] {triggerer_job_runner.py:510} INFO - 0 triggers currently running
[2024-10-03T19:26:59.596+0300] {triggerer_job_runner.py:510} INFO - 0 triggers currently running
[2024-10-03T19:27:59.652+0300] {triggerer_job_runner.py:510} INFO - 0 triggers currently running
[2024-10-03T19:28:59.717+0300] {triggerer_job_runner.py:510} INFO - 0 triggers currently running
[2024-10-03T19:29:59.783+0300] {triggerer_job_runner.py:510} INFO - 0 triggers currently running
[2024-10-03T19:30:59.841+0300] {triggerer_job_runner.py:510} INFO - 0 triggers currently running
[2024-10-03T19:31:59.898+0300] {triggerer_job_runner.py:510} INFO - 0 triggers currently running
[2024-10-03T19:32:59.954+0300] {triggerer_job_runner.py:510} INFO - 0 triggers currently running
[2024-10-03T19:34:00.007+0300] {triggerer_job_runner.py:510} INFO - 0 triggers currently running
[2024-10-03T19:35:00.070+0300] {triggerer_job_runner.py:510} INFO - 0 triggers currently running
[2024-10-03T19:36:00.126+0300] {triggerer_job_runner.py:510} INFO - 0 triggers currently running
[2024-10-03T19:37:00.183+0300] {triggerer_job_runner.py:510} INFO - 0 triggers currently running
[2024-10-03T19:38:00.239+0300] {triggerer_job_runner.py:510} INFO - 0 triggers currently running
[2024-10-03T19:39:00.299+0300] {triggerer_job_runner.py:510} INFO - 0 triggers currently running
[2024-10-03T19:40:00.357+0300] {triggerer_job_runner.py:510} INFO - 0 triggers currently running
[2024-10-03T19:41:00.414+0300] {triggerer_job_runner.py:510} INFO - 0 triggers currently running
[2024-10-03T19:42:00.469+0300] {triggerer_job_runner.py:510} INFO - 0 triggers currently running
[2024-10-03T19:43:00.524+0300] {triggerer_job_runner.py:510} INFO - 0 triggers currently running
[2024-10-03T19:44:00.575+0300] {triggerer_job_runner.py:510} INFO - 0 triggers currently running
[2024-10-03T19:45:00.628+0300] {triggerer_job_runner.py:510} INFO - 0 triggers currently running
[2024-10-03T19:46:00.683+0300] {triggerer_job_runner.py:510} INFO - 0 triggers currently running
[2024-10-03T19:47:00.739+0300] {triggerer_job_runner.py:510} INFO - 0 triggers currently running
[2024-10-03T19:48:00.791+0300] {triggerer_job_runner.py:510} INFO - 0 triggers currently running
[2024-10-03T19:49:00.846+0300] {triggerer_job_runner.py:510} INFO - 0 triggers currently running
[2024-10-03T19:50:00.902+0300] {triggerer_job_runner.py:510} INFO - 0 triggers currently running
[2024-10-03T19:51:00.958+0300] {triggerer_job_runner.py:510} INFO - 0 triggers currently running
[2024-10-03T19:52:01.016+0300] {triggerer_job_runner.py:510} INFO - 0 triggers currently running
[2024-10-03T19:53:01.069+0300] {triggerer_job_runner.py:510} INFO - 0 triggers currently running
[2024-10-03T19:54:01.127+0300] {triggerer_job_runner.py:510} INFO - 0 triggers currently running
[2024-10-03T19:55:01.188+0300] {triggerer_job_runner.py:510} INFO - 0 triggers currently running
[2024-10-03T19:56:01.246+0300] {triggerer_job_runner.py:510} INFO - 0 triggers currently running
[2024-10-03T19:57:01.296+0300] {triggerer_job_runner.py:510} INFO - 0 triggers currently running
[2024-10-03T19:58:01.347+0300] {triggerer_job_runner.py:510} INFO - 0 triggers currently running
[2024-10-03T19:59:01.397+0300] {triggerer_job_runner.py:510} INFO - 0 triggers currently running
[2024-10-03T20:00:01.452+0300] {triggerer_job_runner.py:510} INFO - 0 triggers currently running
[2024-10-03T20:01:01.507+0300] {triggerer_job_runner.py:510} INFO - 0 triggers currently running
[2024-10-03T20:02:01.565+0300] {triggerer_job_runner.py:510} INFO - 0 triggers currently running
[2024-10-03T20:03:01.618+0300] {triggerer_job_runner.py:510} INFO - 0 triggers currently running
[2024-10-03T20:04:01.668+0300] {triggerer_job_runner.py:510} INFO - 0 triggers currently running
[2024-10-03T20:05:01.720+0300] {triggerer_job_runner.py:510} INFO - 0 triggers currently running
[2024-10-03T20:06:01.773+0300] {triggerer_job_runner.py:510} INFO - 0 triggers currently running
[2024-10-03T20:07:01.828+0300] {triggerer_job_runner.py:510} INFO - 0 triggers currently running
[2024-10-03T20:08:01.877+0300] {triggerer_job_runner.py:510} INFO - 0 triggers currently running
[2024-10-03T20:09:01.929+0300] {triggerer_job_runner.py:510} INFO - 0 triggers currently running
[2024-10-03T20:09:34.969+0300] {triggerer_job_runner.py:605} INFO - Triggerer's async thread was blocked for 0.71 seconds, likely by a badly-written trigger. Set PYTHONASYNCIODEBUG=1 to get more information on overrunning coroutines.
[2024-10-03T20:10:01.991+0300] {triggerer_job_runner.py:510} INFO - 0 triggers currently running
[2024-10-03T20:11:02.045+0300] {triggerer_job_runner.py:510} INFO - 0 triggers currently running
[2024-10-03T20:12:02.093+0300] {triggerer_job_runner.py:510} INFO - 0 triggers currently running
[2024-10-03T20:13:02.149+0300] {triggerer_job_runner.py:510} INFO - 0 triggers currently running
[2024-10-03T20:14:02.198+0300] {triggerer_job_runner.py:510} INFO - 0 triggers currently running
[2024-10-03T20:15:02.252+0300] {triggerer_job_runner.py:510} INFO - 0 triggers currently running
[2024-10-03T20:16:02.302+0300] {triggerer_job_runner.py:510} INFO - 0 triggers currently running
[2024-10-03T20:17:02.354+0300] {triggerer_job_runner.py:510} INFO - 0 triggers currently running
[2024-10-03T20:18:02.405+0300] {triggerer_job_runner.py:510} INFO - 0 triggers currently running
[2024-10-03T20:19:02.449+0300] {triggerer_job_runner.py:510} INFO - 0 triggers currently running
[2024-10-03T20:20:02.498+0300] {triggerer_job_runner.py:510} INFO - 0 triggers currently running
[2024-10-03T20:21:02.549+0300] {triggerer_job_runner.py:510} INFO - 0 triggers currently running
[2024-10-03T20:22:02.597+0300] {triggerer_job_runner.py:510} INFO - 0 triggers currently running
[2024-10-03T20:23:02.651+0300] {triggerer_job_runner.py:510} INFO - 0 triggers currently running
[2024-10-03T20:24:02.703+0300] {triggerer_job_runner.py:510} INFO - 0 triggers currently running
[2024-10-03T20:25:02.758+0300] {triggerer_job_runner.py:510} INFO - 0 triggers currently running
[2024-10-03T20:26:02.810+0300] {triggerer_job_runner.py:510} INFO - 0 triggers currently running
[2024-10-03T20:27:02.857+0300] {triggerer_job_runner.py:510} INFO - 0 triggers currently running
[2024-10-03T20:28:02.912+0300] {triggerer_job_runner.py:510} INFO - 0 triggers currently running
[2024-10-03T20:29:02.962+0300] {triggerer_job_runner.py:510} INFO - 0 triggers currently running
[2024-10-03T20:30:03.018+0300] {triggerer_job_runner.py:510} INFO - 0 triggers currently running
[2024-10-03T20:31:03.068+0300] {triggerer_job_runner.py:510} INFO - 0 triggers currently running
[2024-10-03T20:32:03.120+0300] {triggerer_job_runner.py:510} INFO - 0 triggers currently running
[2024-10-03T20:33:03.174+0300] {triggerer_job_runner.py:510} INFO - 0 triggers currently running
[2024-10-03T20:34:03.228+0300] {triggerer_job_runner.py:510} INFO - 0 triggers currently running
[2024-10-03T20:35:03.283+0300] {triggerer_job_runner.py:510} INFO - 0 triggers currently running
[2024-10-03T20:36:03.336+0300] {triggerer_job_runner.py:510} INFO - 0 triggers currently running
[2024-10-03T20:37:03.386+0300] {triggerer_job_runner.py:510} INFO - 0 triggers currently running
[2024-10-03T20:38:03.442+0300] {triggerer_job_runner.py:510} INFO - 0 triggers currently running
[2024-10-03T20:39:03.494+0300] {triggerer_job_runner.py:510} INFO - 0 triggers currently running
[2024-10-03T20:40:03.550+0300] {triggerer_job_runner.py:510} INFO - 0 triggers currently running
[2024-10-03T20:41:03.598+0300] {triggerer_job_runner.py:510} INFO - 0 triggers currently running
[2024-10-03T20:42:03.646+0300] {triggerer_job_runner.py:510} INFO - 0 triggers currently running
[2024-10-03T20:43:03.697+0300] {triggerer_job_runner.py:510} INFO - 0 triggers currently running
[2024-10-03T20:44:03.751+0300] {triggerer_job_runner.py:510} INFO - 0 triggers currently running
[2024-10-03T20:45:03.809+0300] {triggerer_job_runner.py:510} INFO - 0 triggers currently running
[2024-10-03T20:46:03.864+0300] {triggerer_job_runner.py:510} INFO - 0 triggers currently running
[2024-10-03T20:47:03.923+0300] {triggerer_job_runner.py:510} INFO - 0 triggers currently running
[2024-10-03T20:48:03.980+0300] {triggerer_job_runner.py:510} INFO - 0 triggers currently running
[2024-10-03T20:49:04.037+0300] {triggerer_job_runner.py:510} INFO - 0 triggers currently running
[2024-10-03T20:50:04.095+0300] {triggerer_job_runner.py:510} INFO - 0 triggers currently running
[2024-10-03T20:51:04.151+0300] {triggerer_job_runner.py:510} INFO - 0 triggers currently running
[2024-10-03T20:52:04.212+0300] {triggerer_job_runner.py:510} INFO - 0 triggers currently running
[2024-10-03T20:53:04.273+0300] {triggerer_job_runner.py:510} INFO - 0 triggers currently running
[2024-10-03T20:54:04.330+0300] {triggerer_job_runner.py:510} INFO - 0 triggers currently running
[2024-10-03T20:55:04.387+0300] {triggerer_job_runner.py:510} INFO - 0 triggers currently running
[2024-10-03T20:56:04.446+0300] {triggerer_job_runner.py:510} INFO - 0 triggers currently running
[2024-10-03T20:57:04.499+0300] {triggerer_job_runner.py:510} INFO - 0 triggers currently running
[2024-10-03T20:58:04.556+0300] {triggerer_job_runner.py:510} INFO - 0 triggers currently running
[2024-10-03T20:59:04.612+0300] {triggerer_job_runner.py:510} INFO - 0 triggers currently running
[2024-10-03T21:00:04.668+0300] {triggerer_job_runner.py:510} INFO - 0 triggers currently running
[2024-10-03T21:01:04.722+0300] {triggerer_job_runner.py:510} INFO - 0 triggers currently running
[2024-10-03T21:02:04.776+0300] {triggerer_job_runner.py:510} INFO - 0 triggers currently running
[2024-10-03T21:03:04.829+0300] {triggerer_job_runner.py:510} INFO - 0 triggers currently running
[2024-10-03T21:04:04.888+0300] {triggerer_job_runner.py:510} INFO - 0 triggers currently running
[2024-10-03T21:05:04.939+0300] {triggerer_job_runner.py:510} INFO - 0 triggers currently running
[2024-10-03T21:06:04.996+0300] {triggerer_job_runner.py:510} INFO - 0 triggers currently running
[2024-10-03T21:07:05.057+0300] {triggerer_job_runner.py:510} INFO - 0 triggers currently running
[2024-10-03T21:08:05.112+0300] {triggerer_job_runner.py:510} INFO - 0 triggers currently running
[2024-10-03T21:09:05.162+0300] {triggerer_job_runner.py:510} INFO - 0 triggers currently running
[2024-10-03T21:10:05.215+0300] {triggerer_job_runner.py:510} INFO - 0 triggers currently running
[2024-10-03T21:11:05.270+0300] {triggerer_job_runner.py:510} INFO - 0 triggers currently running
[2024-10-03T21:12:05.328+0300] {triggerer_job_runner.py:510} INFO - 0 triggers currently running
[2024-10-03T21:13:05.382+0300] {triggerer_job_runner.py:510} INFO - 0 triggers currently running
[2024-10-03T21:14:05.437+0300] {triggerer_job_runner.py:510} INFO - 0 triggers currently running
[2024-10-03T21:15:05.490+0300] {triggerer_job_runner.py:510} INFO - 0 triggers currently running
[2024-10-03T21:16:05.544+0300] {triggerer_job_runner.py:510} INFO - 0 triggers currently running
[2024-10-03T21:17:05.597+0300] {triggerer_job_runner.py:510} INFO - 0 triggers currently running
[2024-10-03T21:18:05.651+0300] {triggerer_job_runner.py:510} INFO - 0 triggers currently running
[2024-10-03T21:19:05.708+0300] {triggerer_job_runner.py:510} INFO - 0 triggers currently running
[2024-10-03T21:20:05.761+0300] {triggerer_job_runner.py:510} INFO - 0 triggers currently running
[2024-10-03T21:21:05.817+0300] {triggerer_job_runner.py:510} INFO - 0 triggers currently running
[2024-10-03T21:22:05.869+0300] {triggerer_job_runner.py:510} INFO - 0 triggers currently running
[2024-10-03T21:23:05.925+0300] {triggerer_job_runner.py:510} INFO - 0 triggers currently running
[2024-10-03T21:24:05.983+0300] {triggerer_job_runner.py:510} INFO - 0 triggers currently running
[2024-10-03T21:25:06.038+0300] {triggerer_job_runner.py:510} INFO - 0 triggers currently running
[2024-10-03T21:26:06.089+0300] {triggerer_job_runner.py:510} INFO - 0 triggers currently running
[2024-10-03T21:27:06.152+0300] {triggerer_job_runner.py:510} INFO - 0 triggers currently running
[2024-10-03T21:28:06.207+0300] {triggerer_job_runner.py:510} INFO - 0 triggers currently running
[2024-10-03T21:29:06.271+0300] {triggerer_job_runner.py:510} INFO - 0 triggers currently running
[2024-10-03T21:30:06.328+0300] {triggerer_job_runner.py:510} INFO - 0 triggers currently running
[2024-10-03T21:31:06.382+0300] {triggerer_job_runner.py:510} INFO - 0 triggers currently running
[2024-10-03T21:32:06.434+0300] {triggerer_job_runner.py:510} INFO - 0 triggers currently running
[2024-10-03T21:33:06.490+0300] {triggerer_job_runner.py:510} INFO - 0 triggers currently running
[2024-10-03T21:34:06.545+0300] {triggerer_job_runner.py:510} INFO - 0 triggers currently running
[2024-10-03T21:35:06.604+0300] {triggerer_job_runner.py:510} INFO - 0 triggers currently running
[2024-10-03T21:36:06.665+0300] {triggerer_job_runner.py:510} INFO - 0 triggers currently running
[2024-10-03T21:37:06.720+0300] {triggerer_job_runner.py:510} INFO - 0 triggers currently running
[2024-10-03T21:38:06.778+0300] {triggerer_job_runner.py:510} INFO - 0 triggers currently running
[2024-10-03T21:39:06.838+0300] {triggerer_job_runner.py:510} INFO - 0 triggers currently running
[2024-10-03T21:40:06.899+0300] {triggerer_job_runner.py:510} INFO - 0 triggers currently running
[2024-10-03T21:41:06.954+0300] {triggerer_job_runner.py:510} INFO - 0 triggers currently running
[2024-10-03T21:42:07.012+0300] {triggerer_job_runner.py:510} INFO - 0 triggers currently running
[2024-10-03T21:43:07.063+0300] {triggerer_job_runner.py:510} INFO - 0 triggers currently running
[2024-10-03T21:44:07.114+0300] {triggerer_job_runner.py:510} INFO - 0 triggers currently running
[2024-10-03T21:45:07.176+0300] {triggerer_job_runner.py:510} INFO - 0 triggers currently running
[2024-10-03T21:46:07.235+0300] {triggerer_job_runner.py:510} INFO - 0 triggers currently running
[2024-10-03T21:47:07.291+0300] {triggerer_job_runner.py:510} INFO - 0 triggers currently running
[2024-10-03T21:48:07.348+0300] {triggerer_job_runner.py:510} INFO - 0 triggers currently running
[2024-10-03T21:49:07.403+0300] {triggerer_job_runner.py:510} INFO - 0 triggers currently running
[2024-10-03T21:50:07.460+0300] {triggerer_job_runner.py:510} INFO - 0 triggers currently running
[2024-10-03T21:51:07.514+0300] {triggerer_job_runner.py:510} INFO - 0 triggers currently running
[2024-10-03T21:52:07.570+0300] {triggerer_job_runner.py:510} INFO - 0 triggers currently running
[2024-10-03T21:53:07.628+0300] {triggerer_job_runner.py:510} INFO - 0 triggers currently running
[2024-10-03T21:54:07.688+0300] {triggerer_job_runner.py:510} INFO - 0 triggers currently running
[2024-10-03T21:55:07.738+0300] {triggerer_job_runner.py:510} INFO - 0 triggers currently running
[2024-10-03T21:56:07.792+0300] {triggerer_job_runner.py:510} INFO - 0 triggers currently running
[2024-10-03T21:57:07.848+0300] {triggerer_job_runner.py:510} INFO - 0 triggers currently running
[2024-10-03T21:58:07.905+0300] {triggerer_job_runner.py:510} INFO - 0 triggers currently running
[2024-10-03T21:59:07.966+0300] {triggerer_job_runner.py:510} INFO - 0 triggers currently running
[2024-10-03T22:00:08.022+0300] {triggerer_job_runner.py:510} INFO - 0 triggers currently running
[2024-10-03T22:01:08.077+0300] {triggerer_job_runner.py:510} INFO - 0 triggers currently running
[2024-10-03T22:02:08.138+0300] {triggerer_job_runner.py:510} INFO - 0 triggers currently running
[2024-10-03T22:03:08.202+0300] {triggerer_job_runner.py:510} INFO - 0 triggers currently running
[2024-10-03T22:04:08.255+0300] {triggerer_job_runner.py:510} INFO - 0 triggers currently running
[2024-10-03T22:05:08.313+0300] {triggerer_job_runner.py:510} INFO - 0 triggers currently running
[2024-10-03T22:06:08.377+0300] {triggerer_job_runner.py:510} INFO - 0 triggers currently running
[2024-10-03T22:07:08.433+0300] {triggerer_job_runner.py:510} INFO - 0 triggers currently running
[2024-10-03T22:08:08.491+0300] {triggerer_job_runner.py:510} INFO - 0 triggers currently running
[2024-10-03T22:09:08.549+0300] {triggerer_job_runner.py:510} INFO - 0 triggers currently running
[2024-10-03T22:10:08.604+0300] {triggerer_job_runner.py:510} INFO - 0 triggers currently running
[2024-10-03T22:11:08.662+0300] {triggerer_job_runner.py:510} INFO - 0 triggers currently running
[2024-10-03T22:12:08.716+0300] {triggerer_job_runner.py:510} INFO - 0 triggers currently running
[2024-10-03T22:13:08.764+0300] {triggerer_job_runner.py:510} INFO - 0 triggers currently running
[2024-10-03T22:14:08.816+0300] {triggerer_job_runner.py:510} INFO - 0 triggers currently running
[2024-10-03T22:15:08.864+0300] {triggerer_job_runner.py:510} INFO - 0 triggers currently running
[2024-10-03T22:16:08.929+0300] {triggerer_job_runner.py:510} INFO - 0 triggers currently running
[2024-10-03T22:17:08.983+0300] {triggerer_job_runner.py:510} INFO - 0 triggers currently running
[2024-10-03T22:18:09.037+0300] {triggerer_job_runner.py:510} INFO - 0 triggers currently running
[2024-10-03T22:19:09.096+0300] {triggerer_job_runner.py:510} INFO - 0 triggers currently running
[2024-10-03T22:20:09.153+0300] {triggerer_job_runner.py:510} INFO - 0 triggers currently running
[2024-10-03T22:21:09.208+0300] {triggerer_job_runner.py:510} INFO - 0 triggers currently running
[2024-10-03T22:22:09.267+0300] {triggerer_job_runner.py:510} INFO - 0 triggers currently running
[2024-10-03T22:23:09.318+0300] {triggerer_job_runner.py:510} INFO - 0 triggers currently running
[2024-10-03T22:24:09.373+0300] {triggerer_job_runner.py:510} INFO - 0 triggers currently running
[2024-10-03T22:25:09.429+0300] {triggerer_job_runner.py:510} INFO - 0 triggers currently running
[2024-10-03T22:26:09.487+0300] {triggerer_job_runner.py:510} INFO - 0 triggers currently running
[2024-10-03T22:27:09.538+0300] {triggerer_job_runner.py:510} INFO - 0 triggers currently running
[2024-10-03T22:28:09.597+0300] {triggerer_job_runner.py:510} INFO - 0 triggers currently running
[2024-10-03T22:29:09.654+0300] {triggerer_job_runner.py:510} INFO - 0 triggers currently running
[2024-10-03T22:30:09.709+0300] {triggerer_job_runner.py:510} INFO - 0 triggers currently running
[2024-10-03T22:31:09.769+0300] {triggerer_job_runner.py:510} INFO - 0 triggers currently running
[2024-10-03T22:32:09.828+0300] {triggerer_job_runner.py:510} INFO - 0 triggers currently running
[2024-10-03T22:33:09.883+0300] {triggerer_job_runner.py:510} INFO - 0 triggers currently running
[2024-10-03T22:34:09.938+0300] {triggerer_job_runner.py:510} INFO - 0 triggers currently running
[2024-10-03T22:35:09.997+0300] {triggerer_job_runner.py:510} INFO - 0 triggers currently running
[2024-10-03T22:36:10.059+0300] {triggerer_job_runner.py:510} INFO - 0 triggers currently running
[2024-10-03T22:37:10.119+0300] {triggerer_job_runner.py:510} INFO - 0 triggers currently running
[2024-10-03T22:38:10.181+0300] {triggerer_job_runner.py:510} INFO - 0 triggers currently running
[2024-10-03T22:39:10.237+0300] {triggerer_job_runner.py:510} INFO - 0 triggers currently running
[2024-10-03T22:40:10.294+0300] {triggerer_job_runner.py:510} INFO - 0 triggers currently running
[2024-10-03T22:41:10.345+0300] {triggerer_job_runner.py:510} INFO - 0 triggers currently running
[2024-10-03T22:42:10.404+0300] {triggerer_job_runner.py:510} INFO - 0 triggers currently running
[2024-10-03T22:43:10.467+0300] {triggerer_job_runner.py:510} INFO - 0 triggers currently running
[2024-10-03T22:44:10.526+0300] {triggerer_job_runner.py:510} INFO - 0 triggers currently running
[2024-10-03T22:45:10.579+0300] {triggerer_job_runner.py:510} INFO - 0 triggers currently running
[2024-10-03T22:46:10.631+0300] {triggerer_job_runner.py:510} INFO - 0 triggers currently running
[2024-10-03T22:47:10.687+0300] {triggerer_job_runner.py:510} INFO - 0 triggers currently running
[2024-10-03T22:47:44.811+0300] {triggerer_job_runner.py:605} INFO - Triggerer's async thread was blocked for 0.27 seconds, likely by a badly-written trigger. Set PYTHONASYNCIODEBUG=1 to get more information on overrunning coroutines.
[2024-10-03T22:48:10.832+0300] {triggerer_job_runner.py:510} INFO - 0 triggers currently running
[2024-10-03T22:49:10.892+0300] {triggerer_job_runner.py:510} INFO - 0 triggers currently running
[2024-10-03T22:50:10.954+0300] {triggerer_job_runner.py:510} INFO - 0 triggers currently running
[2024-10-03T22:51:11.009+0300] {triggerer_job_runner.py:510} INFO - 0 triggers currently running
[2024-10-03T22:52:11.071+0300] {triggerer_job_runner.py:510} INFO - 0 triggers currently running
[2024-10-03T22:53:11.124+0300] {triggerer_job_runner.py:510} INFO - 0 triggers currently running
[2024-10-03T22:54:11.177+0300] {triggerer_job_runner.py:510} INFO - 0 triggers currently running
[2024-10-03T22:55:11.229+0300] {triggerer_job_runner.py:510} INFO - 0 triggers currently running
[2024-10-03T22:56:11.288+0300] {triggerer_job_runner.py:510} INFO - 0 triggers currently running
[2024-10-03T22:57:11.341+0300] {triggerer_job_runner.py:510} INFO - 0 triggers currently running
[2024-10-03T22:58:11.392+0300] {triggerer_job_runner.py:510} INFO - 0 triggers currently running
[2024-10-03T22:59:11.450+0300] {triggerer_job_runner.py:510} INFO - 0 triggers currently running
[2024-10-03T23:00:11.511+0300] {triggerer_job_runner.py:510} INFO - 0 triggers currently running
[2024-10-03T23:01:11.565+0300] {triggerer_job_runner.py:510} INFO - 0 triggers currently running
[2024-10-03T23:02:11.622+0300] {triggerer_job_runner.py:510} INFO - 0 triggers currently running
[2024-10-03T23:03:11.678+0300] {triggerer_job_runner.py:510} INFO - 0 triggers currently running
[2024-10-03T23:04:11.737+0300] {triggerer_job_runner.py:510} INFO - 0 triggers currently running
[2024-10-03T23:05:11.793+0300] {triggerer_job_runner.py:510} INFO - 0 triggers currently running
[2024-10-03T23:06:11.847+0300] {triggerer_job_runner.py:510} INFO - 0 triggers currently running
[2024-10-03T23:07:11.903+0300] {triggerer_job_runner.py:510} INFO - 0 triggers currently running
[2024-10-03T23:08:11.964+0300] {triggerer_job_runner.py:510} INFO - 0 triggers currently running
[2024-10-03T23:09:12.019+0300] {triggerer_job_runner.py:510} INFO - 0 triggers currently running
[2024-10-03T23:10:12.073+0300] {triggerer_job_runner.py:510} INFO - 0 triggers currently running
[2024-10-03T23:11:12.129+0300] {triggerer_job_runner.py:510} INFO - 0 triggers currently running
[2024-10-03T23:12:12.188+0300] {triggerer_job_runner.py:510} INFO - 0 triggers currently running
[2024-10-03T23:13:12.242+0300] {triggerer_job_runner.py:510} INFO - 0 triggers currently running
[2024-10-03T23:14:12.302+0300] {triggerer_job_runner.py:510} INFO - 0 triggers currently running
[2024-10-03T23:15:12.352+0300] {triggerer_job_runner.py:510} INFO - 0 triggers currently running
[2024-10-03T23:16:12.412+0300] {triggerer_job_runner.py:510} INFO - 0 triggers currently running
[2024-10-03T23:17:12.471+0300] {triggerer_job_runner.py:510} INFO - 0 triggers currently running
[2024-10-03T23:18:12.528+0300] {triggerer_job_runner.py:510} INFO - 0 triggers currently running
[2024-10-03T23:19:12.590+0300] {triggerer_job_runner.py:510} INFO - 0 triggers currently running
[2024-10-03T23:20:12.648+0300] {triggerer_job_runner.py:510} INFO - 0 triggers currently running
[2024-10-03T23:21:12.705+0300] {triggerer_job_runner.py:510} INFO - 0 triggers currently running
[2024-10-03T23:22:12.761+0300] {triggerer_job_runner.py:510} INFO - 0 triggers currently running
[2024-10-03T23:23:12.818+0300] {triggerer_job_runner.py:510} INFO - 0 triggers currently running
[2024-10-03T23:24:12.879+0300] {triggerer_job_runner.py:510} INFO - 0 triggers currently running
[2024-10-03T23:25:12.931+0300] {triggerer_job_runner.py:510} INFO - 0 triggers currently running
[2024-10-03T23:26:12.981+0300] {triggerer_job_runner.py:510} INFO - 0 triggers currently running
[2024-10-03T23:27:13.036+0300] {triggerer_job_runner.py:510} INFO - 0 triggers currently running
[2024-10-03T23:28:13.092+0300] {triggerer_job_runner.py:510} INFO - 0 triggers currently running
[2024-10-03T23:29:13.149+0300] {triggerer_job_runner.py:510} INFO - 0 triggers currently running
[2024-10-03T23:30:13.206+0300] {triggerer_job_runner.py:510} INFO - 0 triggers currently running
[2024-10-03T23:31:13.255+0300] {triggerer_job_runner.py:510} INFO - 0 triggers currently running
[2024-10-03T23:32:13.308+0300] {triggerer_job_runner.py:510} INFO - 0 triggers currently running
[2024-10-03T23:33:13.364+0300] {triggerer_job_runner.py:510} INFO - 0 triggers currently running
[2024-10-03T23:34:13.416+0300] {triggerer_job_runner.py:510} INFO - 0 triggers currently running
[2024-10-03T23:35:13.471+0300] {triggerer_job_runner.py:510} INFO - 0 triggers currently running
[2024-10-03T23:36:13.524+0300] {triggerer_job_runner.py:510} INFO - 0 triggers currently running
[2024-10-03T23:37:13.581+0300] {triggerer_job_runner.py:510} INFO - 0 triggers currently running
[2024-10-03T23:38:13.636+0300] {triggerer_job_runner.py:510} INFO - 0 triggers currently running
[2024-10-03T23:39:13.694+0300] {triggerer_job_runner.py:510} INFO - 0 triggers currently running
[2024-10-03T23:40:13.753+0300] {triggerer_job_runner.py:510} INFO - 0 triggers currently running
[2024-10-03T23:41:13.810+0300] {triggerer_job_runner.py:510} INFO - 0 triggers currently running
[2024-10-03T23:42:13.869+0300] {triggerer_job_runner.py:510} INFO - 0 triggers currently running
[2024-10-03T23:43:13.923+0300] {triggerer_job_runner.py:510} INFO - 0 triggers currently running
[2024-10-03T23:44:13.976+0300] {triggerer_job_runner.py:510} INFO - 0 triggers currently running
[2024-10-03T23:45:14.038+0300] {triggerer_job_runner.py:510} INFO - 0 triggers currently running
[2024-10-03T23:46:14.097+0300] {triggerer_job_runner.py:510} INFO - 0 triggers currently running
[2024-10-03T23:47:14.156+0300] {triggerer_job_runner.py:510} INFO - 0 triggers currently running
[2024-10-03T23:48:14.209+0300] {triggerer_job_runner.py:510} INFO - 0 triggers currently running
[2024-10-03T23:49:14.267+0300] {triggerer_job_runner.py:510} INFO - 0 triggers currently running
[2024-10-03T23:50:14.320+0300] {triggerer_job_runner.py:510} INFO - 0 triggers currently running
[2024-10-03T23:51:14.371+0300] {triggerer_job_runner.py:510} INFO - 0 triggers currently running
[2024-10-03T23:52:14.425+0300] {triggerer_job_runner.py:510} INFO - 0 triggers currently running
[2024-10-03T23:53:14.475+0300] {triggerer_job_runner.py:510} INFO - 0 triggers currently running
[2024-10-03T23:54:14.530+0300] {triggerer_job_runner.py:510} INFO - 0 triggers currently running
[2024-10-03T23:55:14.585+0300] {triggerer_job_runner.py:510} INFO - 0 triggers currently running
[2024-10-03T23:56:14.646+0300] {triggerer_job_runner.py:510} INFO - 0 triggers currently running
[2024-10-03T23:57:14.701+0300] {triggerer_job_runner.py:510} INFO - 0 triggers currently running
[2024-10-03T23:58:14.762+0300] {triggerer_job_runner.py:510} INFO - 0 triggers currently running
[2024-10-03T23:59:14.822+0300] {triggerer_job_runner.py:510} INFO - 0 triggers currently running
[2024-10-04T00:00:14.875+0300] {triggerer_job_runner.py:510} INFO - 0 triggers currently running
[2024-10-04T00:01:14.931+0300] {triggerer_job_runner.py:510} INFO - 0 triggers currently running
[2024-10-04T00:02:14.985+0300] {triggerer_job_runner.py:510} INFO - 0 triggers currently running
[2024-10-04T00:03:15.045+0300] {triggerer_job_runner.py:510} INFO - 0 triggers currently running
[2024-10-04T00:04:15.109+0300] {triggerer_job_runner.py:510} INFO - 0 triggers currently running
[2024-10-04T00:05:15.173+0300] {triggerer_job_runner.py:510} INFO - 0 triggers currently running
[2024-10-04T00:06:15.235+0300] {triggerer_job_runner.py:510} INFO - 0 triggers currently running
[2024-10-04T00:06:54.515+0300] {triggerer_job_runner.py:605} INFO - Triggerer's async thread was blocked for 0.90 seconds, likely by a badly-written trigger. Set PYTHONASYNCIODEBUG=1 to get more information on overrunning coroutines.
[2024-10-04T00:07:15.537+0300] {triggerer_job_runner.py:510} INFO - 0 triggers currently running
[2024-10-04T00:08:15.597+0300] {triggerer_job_runner.py:510} INFO - 0 triggers currently running
[2024-10-04T00:09:15.657+0300] {triggerer_job_runner.py:510} INFO - 0 triggers currently running
[2024-10-04T00:10:15.716+0300] {triggerer_job_runner.py:510} INFO - 0 triggers currently running
[2024-10-04T00:11:15.779+0300] {triggerer_job_runner.py:510} INFO - 0 triggers currently running
[2024-10-04T00:12:15.848+0300] {triggerer_job_runner.py:510} INFO - 0 triggers currently running
[2024-10-04T00:13:15.911+0300] {triggerer_job_runner.py:510} INFO - 0 triggers currently running
[2024-10-04T00:14:15.974+0300] {triggerer_job_runner.py:510} INFO - 0 triggers currently running
[2024-10-04T00:15:16.035+0300] {triggerer_job_runner.py:510} INFO - 0 triggers currently running
[2024-10-04T00:16:16.094+0300] {triggerer_job_runner.py:510} INFO - 0 triggers currently running
[2024-10-04T00:17:16.150+0300] {triggerer_job_runner.py:510} INFO - 0 triggers currently running
[2024-10-04T00:18:16.206+0300] {triggerer_job_runner.py:510} INFO - 0 triggers currently running
[2024-10-04T00:19:16.265+0300] {triggerer_job_runner.py:510} INFO - 0 triggers currently running
[2024-10-04T00:20:16.320+0300] {triggerer_job_runner.py:510} INFO - 0 triggers currently running
[2024-10-04T00:21:16.383+0300] {triggerer_job_runner.py:510} INFO - 0 triggers currently running
[2024-10-04T00:22:16.443+0300] {triggerer_job_runner.py:510} INFO - 0 triggers currently running
[2024-10-04T00:23:16.497+0300] {triggerer_job_runner.py:510} INFO - 0 triggers currently running
[2024-10-04T00:24:16.551+0300] {triggerer_job_runner.py:510} INFO - 0 triggers currently running
[2024-10-04T00:25:16.614+0300] {triggerer_job_runner.py:510} INFO - 0 triggers currently running
[2024-10-04T00:26:16.666+0300] {triggerer_job_runner.py:510} INFO - 0 triggers currently running
[2024-10-04T00:27:16.728+0300] {triggerer_job_runner.py:510} INFO - 0 triggers currently running
[2024-10-04T00:28:16.784+0300] {triggerer_job_runner.py:510} INFO - 0 triggers currently running
[2024-10-04T00:29:16.848+0300] {triggerer_job_runner.py:510} INFO - 0 triggers currently running
[2024-10-04T00:30:16.901+0300] {triggerer_job_runner.py:510} INFO - 0 triggers currently running
[2024-10-04T00:31:16.965+0300] {triggerer_job_runner.py:510} INFO - 0 triggers currently running
[2024-10-04T00:32:17.028+0300] {triggerer_job_runner.py:510} INFO - 0 triggers currently running
[2024-10-04T00:33:17.091+0300] {triggerer_job_runner.py:510} INFO - 0 triggers currently running
[2024-10-04T00:34:17.153+0300] {triggerer_job_runner.py:510} INFO - 0 triggers currently running
[2024-10-04T00:35:17.212+0300] {triggerer_job_runner.py:510} INFO - 0 triggers currently running
[2024-10-04T00:36:17.269+0300] {triggerer_job_runner.py:510} INFO - 0 triggers currently running
[2024-10-04T00:37:17.322+0300] {triggerer_job_runner.py:510} INFO - 0 triggers currently running
[2024-10-04T00:38:17.379+0300] {triggerer_job_runner.py:510} INFO - 0 triggers currently running
[2024-10-04T00:39:17.440+0300] {triggerer_job_runner.py:510} INFO - 0 triggers currently running
[2024-10-04T00:40:17.493+0300] {triggerer_job_runner.py:510} INFO - 0 triggers currently running
[2024-10-04T00:41:17.556+0300] {triggerer_job_runner.py:510} INFO - 0 triggers currently running
[2024-10-04T00:42:17.616+0300] {triggerer_job_runner.py:510} INFO - 0 triggers currently running
[2024-10-04T00:43:17.675+0300] {triggerer_job_runner.py:510} INFO - 0 triggers currently running
[2024-10-04T00:44:17.730+0300] {triggerer_job_runner.py:510} INFO - 0 triggers currently running
[2024-10-04T00:45:17.787+0300] {triggerer_job_runner.py:510} INFO - 0 triggers currently running
[2024-10-04T00:46:17.851+0300] {triggerer_job_runner.py:510} INFO - 0 triggers currently running
[2024-10-04T00:47:17.908+0300] {triggerer_job_runner.py:510} INFO - 0 triggers currently running
[2024-10-04T00:48:17.965+0300] {triggerer_job_runner.py:510} INFO - 0 triggers currently running
[2024-10-04T00:49:18.017+0300] {triggerer_job_runner.py:510} INFO - 0 triggers currently running
[2024-10-04T00:50:18.079+0300] {triggerer_job_runner.py:510} INFO - 0 triggers currently running
[2024-10-04T00:51:18.135+0300] {triggerer_job_runner.py:510} INFO - 0 triggers currently running
[2024-10-04T00:52:18.190+0300] {triggerer_job_runner.py:510} INFO - 0 triggers currently running
[2024-10-04T00:53:18.248+0300] {triggerer_job_runner.py:510} INFO - 0 triggers currently running
[2024-10-04T00:54:18.306+0300] {triggerer_job_runner.py:510} INFO - 0 triggers currently running
[2024-10-04T00:55:18.360+0300] {triggerer_job_runner.py:510} INFO - 0 triggers currently running
[2024-10-04T00:56:18.417+0300] {triggerer_job_runner.py:510} INFO - 0 triggers currently running
[2024-10-04T00:57:18.476+0300] {triggerer_job_runner.py:510} INFO - 0 triggers currently running
[2024-10-04T00:58:18.531+0300] {triggerer_job_runner.py:510} INFO - 0 triggers currently running
[2024-10-04T00:59:18.593+0300] {triggerer_job_runner.py:510} INFO - 0 triggers currently running
[2024-10-04T01:00:18.649+0300] {triggerer_job_runner.py:510} INFO - 0 triggers currently running
[2024-10-04T01:01:18.710+0300] {triggerer_job_runner.py:510} INFO - 0 triggers currently running
[2024-10-04T01:02:18.769+0300] {triggerer_job_runner.py:510} INFO - 0 triggers currently running
[2024-10-04T01:03:18.819+0300] {triggerer_job_runner.py:510} INFO - 0 triggers currently running
[2024-10-04T01:04:18.876+0300] {triggerer_job_runner.py:510} INFO - 0 triggers currently running
[2024-10-04T01:05:18.934+0300] {triggerer_job_runner.py:510} INFO - 0 triggers currently running
[2024-10-04T01:06:18.990+0300] {triggerer_job_runner.py:510} INFO - 0 triggers currently running
[2024-10-04T01:07:19.051+0300] {triggerer_job_runner.py:510} INFO - 0 triggers currently running
[2024-10-04T01:08:19.111+0300] {triggerer_job_runner.py:510} INFO - 0 triggers currently running
[2024-10-04T01:09:19.167+0300] {triggerer_job_runner.py:510} INFO - 0 triggers currently running
[2024-10-04T01:10:19.224+0300] {triggerer_job_runner.py:510} INFO - 0 triggers currently running
[2024-10-04T01:11:19.282+0300] {triggerer_job_runner.py:510} INFO - 0 triggers currently running
[2024-10-04T01:12:19.337+0300] {triggerer_job_runner.py:510} INFO - 0 triggers currently running
[2024-10-04T01:13:19.396+0300] {triggerer_job_runner.py:510} INFO - 0 triggers currently running
[2024-10-04T01:14:19.454+0300] {triggerer_job_runner.py:510} INFO - 0 triggers currently running
[2024-10-04T01:15:19.500+0300] {triggerer_job_runner.py:510} INFO - 0 triggers currently running
[2024-10-04T01:16:19.559+0300] {triggerer_job_runner.py:510} INFO - 0 triggers currently running
[2024-10-04T07:31:43.815+0300] {triggerer_job_runner.py:605} INFO - Triggerer's async thread was blocked for 1.58 seconds, likely by a badly-written trigger. Set PYTHONASYNCIODEBUG=1 to get more information on overrunning coroutines.
[2024-10-04T07:31:43.815+0300] {triggerer_job_runner.py:510} INFO - 0 triggers currently running
[2024-10-04T07:31:43.932+0300] {job.py:229} INFO - Heartbeat recovered after 22481.46 seconds
[2024-10-04T07:32:43.872+0300] {triggerer_job_runner.py:510} INFO - 0 triggers currently running
[2024-10-04T07:33:43.927+0300] {triggerer_job_runner.py:510} INFO - 0 triggers currently running
[2024-10-04T07:34:43.977+0300] {triggerer_job_runner.py:510} INFO - 0 triggers currently running
[2024-10-04T07:35:44.039+0300] {triggerer_job_runner.py:510} INFO - 0 triggers currently running
[2024-10-04T07:36:44.094+0300] {triggerer_job_runner.py:510} INFO - 0 triggers currently running
[2024-10-04T07:37:44.144+0300] {triggerer_job_runner.py:510} INFO - 0 triggers currently running
[2024-10-04T07:38:44.206+0300] {triggerer_job_runner.py:510} INFO - 0 triggers currently running
[2024-10-04T07:39:44.268+0300] {triggerer_job_runner.py:510} INFO - 0 triggers currently running
[2024-10-04T07:40:43.216+0300] {triggerer_job_runner.py:605} INFO - Triggerer's async thread was blocked for 1.24 seconds, likely by a badly-written trigger. Set PYTHONASYNCIODEBUG=1 to get more information on overrunning coroutines.
[2024-10-04T07:40:45.218+0300] {triggerer_job_runner.py:510} INFO - 0 triggers currently running
[2024-10-04T07:41:45.281+0300] {triggerer_job_runner.py:510} INFO - 0 triggers currently running
[2024-10-04T07:42:45.343+0300] {triggerer_job_runner.py:510} INFO - 0 triggers currently running
[2024-10-04T07:43:45.407+0300] {triggerer_job_runner.py:510} INFO - 0 triggers currently running
[2024-10-04T07:44:45.469+0300] {triggerer_job_runner.py:510} INFO - 0 triggers currently running
[2024-10-04T07:45:45.531+0300] {triggerer_job_runner.py:510} INFO - 0 triggers currently running
[2024-10-04T07:46:45.592+0300] {triggerer_job_runner.py:510} INFO - 0 triggers currently running
[2024-10-04T07:47:45.645+0300] {triggerer_job_runner.py:510} INFO - 0 triggers currently running
[2024-10-04T07:48:45.708+0300] {triggerer_job_runner.py:510} INFO - 0 triggers currently running
[2024-10-04T07:49:45.767+0300] {triggerer_job_runner.py:510} INFO - 0 triggers currently running
[2024-10-04T07:50:45.828+0300] {triggerer_job_runner.py:510} INFO - 0 triggers currently running
[2024-10-04T07:51:45.887+0300] {triggerer_job_runner.py:510} INFO - 0 triggers currently running
[2024-10-04T07:52:45.949+0300] {triggerer_job_runner.py:510} INFO - 0 triggers currently running
[2024-10-04T07:53:46.007+0300] {triggerer_job_runner.py:510} INFO - 0 triggers currently running
[2024-10-04T07:54:46.064+0300] {triggerer_job_runner.py:510} INFO - 0 triggers currently running
[2024-10-04T07:55:46.127+0300] {triggerer_job_runner.py:510} INFO - 0 triggers currently running
[2024-10-04T07:56:46.183+0300] {triggerer_job_runner.py:510} INFO - 0 triggers currently running
[2024-10-04T07:57:46.237+0300] {triggerer_job_runner.py:510} INFO - 0 triggers currently running
[2024-10-04T07:58:46.299+0300] {triggerer_job_runner.py:510} INFO - 0 triggers currently running
[2024-10-04T07:59:46.352+0300] {triggerer_job_runner.py:510} INFO - 0 triggers currently running
[2024-10-04T08:00:46.406+0300] {triggerer_job_runner.py:510} INFO - 0 triggers currently running
[2024-10-04T08:01:46.459+0300] {triggerer_job_runner.py:510} INFO - 0 triggers currently running
[2024-10-04T08:02:46.521+0300] {triggerer_job_runner.py:510} INFO - 0 triggers currently running
[2024-10-04T08:03:46.581+0300] {triggerer_job_runner.py:510} INFO - 0 triggers currently running
[2024-10-04T08:04:46.639+0300] {triggerer_job_runner.py:510} INFO - 0 triggers currently running
[2024-10-04T08:05:46.696+0300] {triggerer_job_runner.py:510} INFO - 0 triggers currently running
[2024-10-04T08:06:46.756+0300] {triggerer_job_runner.py:510} INFO - 0 triggers currently running
[2024-10-04T08:07:46.811+0300] {triggerer_job_runner.py:510} INFO - 0 triggers currently running
[2024-10-04T08:08:46.866+0300] {triggerer_job_runner.py:510} INFO - 0 triggers currently running
[2024-10-04T08:09:46.917+0300] {triggerer_job_runner.py:510} INFO - 0 triggers currently running
[2024-10-04T08:10:46.975+0300] {triggerer_job_runner.py:510} INFO - 0 triggers currently running
[2024-10-04T08:11:47.027+0300] {triggerer_job_runner.py:510} INFO - 0 triggers currently running
[2024-10-04T08:12:47.084+0300] {triggerer_job_runner.py:510} INFO - 0 triggers currently running
[2024-10-04T08:13:47.143+0300] {triggerer_job_runner.py:510} INFO - 0 triggers currently running
[2024-10-04T08:14:47.195+0300] {triggerer_job_runner.py:510} INFO - 0 triggers currently running
[2024-10-04T08:15:47.252+0300] {triggerer_job_runner.py:510} INFO - 0 triggers currently running
[2024-10-04T08:16:47.318+0300] {triggerer_job_runner.py:510} INFO - 0 triggers currently running
[2024-10-04T08:17:47.388+0300] {triggerer_job_runner.py:510} INFO - 0 triggers currently running
[2024-10-04T08:18:47.447+0300] {triggerer_job_runner.py:510} INFO - 0 triggers currently running
[2024-10-04T08:19:47.502+0300] {triggerer_job_runner.py:510} INFO - 0 triggers currently running
[2024-10-04T08:20:47.558+0300] {triggerer_job_runner.py:510} INFO - 0 triggers currently running
[2024-10-04T08:21:47.621+0300] {triggerer_job_runner.py:510} INFO - 0 triggers currently running
[2024-10-04T08:22:47.675+0300] {triggerer_job_runner.py:510} INFO - 0 triggers currently running
[2024-10-04T08:23:47.733+0300] {triggerer_job_runner.py:510} INFO - 0 triggers currently running
[2024-10-04T08:24:47.794+0300] {triggerer_job_runner.py:510} INFO - 0 triggers currently running
[2024-10-04T08:25:47.852+0300] {triggerer_job_runner.py:510} INFO - 0 triggers currently running
[2024-10-04T08:26:47.913+0300] {triggerer_job_runner.py:510} INFO - 0 triggers currently running
[2024-10-04T08:27:47.968+0300] {triggerer_job_runner.py:510} INFO - 0 triggers currently running
[2024-10-04T08:28:48.029+0300] {triggerer_job_runner.py:510} INFO - 0 triggers currently running
[2024-10-04T08:29:48.087+0300] {triggerer_job_runner.py:510} INFO - 0 triggers currently running
[2024-10-04T08:30:48.141+0300] {triggerer_job_runner.py:510} INFO - 0 triggers currently running
[2024-10-04T08:31:48.193+0300] {triggerer_job_runner.py:510} INFO - 0 triggers currently running
[2024-10-04T08:32:48.245+0300] {triggerer_job_runner.py:510} INFO - 0 triggers currently running
[2024-10-04T08:33:48.308+0300] {triggerer_job_runner.py:510} INFO - 0 triggers currently running
[2024-10-04T08:34:48.361+0300] {triggerer_job_runner.py:510} INFO - 0 triggers currently running
[2024-10-04T08:35:48.419+0300] {triggerer_job_runner.py:510} INFO - 0 triggers currently running
[2024-10-04T08:36:48.479+0300] {triggerer_job_runner.py:510} INFO - 0 triggers currently running
[2024-10-04T08:37:43.056+0300] {triggerer_job_runner.py:351} INFO - Waiting for triggers to clean up
[2024-10-04T08:37:43.551+0300] {triggerer_job_runner.py:357} INFO - Exited trigger loop
