[2024-10-03T12:03:57.512+0300] {executor_loader.py:254} INFO - Loaded executor: SequentialExecutor
[2024-10-03T12:03:57.538+0300] {scheduler_job_runner.py:935} INFO - Starting the scheduler
[2024-10-03T12:03:57.539+0300] {scheduler_job_runner.py:942} INFO - Processing each file at most -1 times
[2024-10-03T12:03:57.543+0300] {manager.py:174} INFO - Launched DagFileProcessorManager with pid: 31808
[2024-10-03T12:03:57.544+0300] {scheduler_job_runner.py:1847} INFO - Adopting or resetting orphaned tasks for active dag runs
[2024-10-03T12:03:57.546+0300] {settings.py:63} INFO - Configured default timezone UTC
[2024-10-03T12:03:57.567+0300] {manager.py:406} WARNING - Because we cannot use more than 1 thread (parsing_processes = 2) when using sqlite. So we set parallelism to 1.
[2024-10-03T12:08:57.705+0300] {scheduler_job_runner.py:1847} INFO - Adopting or resetting orphaned tasks for active dag runs
[2024-10-03T12:13:57.850+0300] {scheduler_job_runner.py:1847} INFO - Adopting or resetting orphaned tasks for active dag runs
[2024-10-03T12:18:57.988+0300] {scheduler_job_runner.py:1847} INFO - Adopting or resetting orphaned tasks for active dag runs
[2024-10-03T12:23:58.131+0300] {scheduler_job_runner.py:1847} INFO - Adopting or resetting orphaned tasks for active dag runs
[2024-10-03T12:28:58.273+0300] {scheduler_job_runner.py:1847} INFO - Adopting or resetting orphaned tasks for active dag runs
[2024-10-03T12:33:58.407+0300] {scheduler_job_runner.py:1847} INFO - Adopting or resetting orphaned tasks for active dag runs
[2024-10-03T12:38:58.932+0300] {scheduler_job_runner.py:1847} INFO - Adopting or resetting orphaned tasks for active dag runs
[2024-10-03T12:43:59.101+0300] {scheduler_job_runner.py:1847} INFO - Adopting or resetting orphaned tasks for active dag runs
[2024-10-03T12:48:59.238+0300] {scheduler_job_runner.py:1847} INFO - Adopting or resetting orphaned tasks for active dag runs
[2024-10-03T12:53:59.368+0300] {scheduler_job_runner.py:1847} INFO - Adopting or resetting orphaned tasks for active dag runs
[2024-10-03T12:58:59.507+0300] {scheduler_job_runner.py:1847} INFO - Adopting or resetting orphaned tasks for active dag runs
[2024-10-03T13:03:59.657+0300] {scheduler_job_runner.py:1847} INFO - Adopting or resetting orphaned tasks for active dag runs
[2024-10-03T13:18:51.609+0300] {job.py:229} INFO - Heartbeat recovered after 890.90 seconds
[2024-10-03T13:23:44.160+0300] {scheduler_job_runner.py:1847} INFO - Adopting or resetting orphaned tasks for active dag runs
[2024-10-03T13:28:44.307+0300] {scheduler_job_runner.py:1847} INFO - Adopting or resetting orphaned tasks for active dag runs
[2024-10-03T13:33:44.448+0300] {scheduler_job_runner.py:1847} INFO - Adopting or resetting orphaned tasks for active dag runs
[2024-10-03T13:38:44.588+0300] {scheduler_job_runner.py:1847} INFO - Adopting or resetting orphaned tasks for active dag runs
[2024-10-03T13:43:44.735+0300] {scheduler_job_runner.py:1847} INFO - Adopting or resetting orphaned tasks for active dag runs
[2024-10-03T13:48:44.867+0300] {scheduler_job_runner.py:1847} INFO - Adopting or resetting orphaned tasks for active dag runs
[2024-10-03T13:53:45.010+0300] {scheduler_job_runner.py:1847} INFO - Adopting or resetting orphaned tasks for active dag runs
[2024-10-03T13:58:45.152+0300] {scheduler_job_runner.py:1847} INFO - Adopting or resetting orphaned tasks for active dag runs
[2024-10-03T14:03:45.292+0300] {scheduler_job_runner.py:1847} INFO - Adopting or resetting orphaned tasks for active dag runs
[2024-10-03T14:08:45.298+0300] {scheduler_job_runner.py:1847} INFO - Adopting or resetting orphaned tasks for active dag runs
[2024-10-03T14:13:45.442+0300] {scheduler_job_runner.py:1847} INFO - Adopting or resetting orphaned tasks for active dag runs
[2024-10-03T14:18:45.576+0300] {scheduler_job_runner.py:1847} INFO - Adopting or resetting orphaned tasks for active dag runs
[2024-10-03T14:23:45.715+0300] {scheduler_job_runner.py:1847} INFO - Adopting or resetting orphaned tasks for active dag runs
[2024-10-03T14:28:45.857+0300] {scheduler_job_runner.py:1847} INFO - Adopting or resetting orphaned tasks for active dag runs
[2024-10-03T14:33:45.997+0300] {scheduler_job_runner.py:1847} INFO - Adopting or resetting orphaned tasks for active dag runs
[2024-10-03T14:38:46.237+0300] {scheduler_job_runner.py:1847} INFO - Adopting or resetting orphaned tasks for active dag runs
[2024-10-03T14:43:46.380+0300] {scheduler_job_runner.py:1847} INFO - Adopting or resetting orphaned tasks for active dag runs
[2024-10-03T14:48:46.519+0300] {scheduler_job_runner.py:1847} INFO - Adopting or resetting orphaned tasks for active dag runs
[2024-10-03T14:53:46.661+0300] {scheduler_job_runner.py:1847} INFO - Adopting or resetting orphaned tasks for active dag runs
[2024-10-03T14:58:46.800+0300] {scheduler_job_runner.py:1847} INFO - Adopting or resetting orphaned tasks for active dag runs
[2024-10-03T15:03:46.942+0300] {scheduler_job_runner.py:1847} INFO - Adopting or resetting orphaned tasks for active dag runs
[2024-10-03T15:08:47.086+0300] {scheduler_job_runner.py:1847} INFO - Adopting or resetting orphaned tasks for active dag runs
[2024-10-03T15:13:47.232+0300] {scheduler_job_runner.py:1847} INFO - Adopting or resetting orphaned tasks for active dag runs
[2024-10-03T15:18:47.372+0300] {scheduler_job_runner.py:1847} INFO - Adopting or resetting orphaned tasks for active dag runs
[2024-10-03T15:23:47.637+0300] {scheduler_job_runner.py:1847} INFO - Adopting or resetting orphaned tasks for active dag runs
[2024-10-03T15:28:47.665+0300] {scheduler_job_runner.py:1847} INFO - Adopting or resetting orphaned tasks for active dag runs
[2024-10-03T15:33:47.806+0300] {scheduler_job_runner.py:1847} INFO - Adopting or resetting orphaned tasks for active dag runs
[2024-10-03T15:38:47.947+0300] {scheduler_job_runner.py:1847} INFO - Adopting or resetting orphaned tasks for active dag runs
[2024-10-03T15:43:48.088+0300] {scheduler_job_runner.py:1847} INFO - Adopting or resetting orphaned tasks for active dag runs
[2024-10-03T15:48:48.230+0300] {scheduler_job_runner.py:1847} INFO - Adopting or resetting orphaned tasks for active dag runs
[2024-10-03T15:53:48.366+0300] {scheduler_job_runner.py:1847} INFO - Adopting or resetting orphaned tasks for active dag runs
[2024-10-03T15:58:48.505+0300] {scheduler_job_runner.py:1847} INFO - Adopting or resetting orphaned tasks for active dag runs
[2024-10-03T16:03:48.646+0300] {scheduler_job_runner.py:1847} INFO - Adopting or resetting orphaned tasks for active dag runs
[2024-10-03T16:08:48.701+0300] {scheduler_job_runner.py:1847} INFO - Adopting or resetting orphaned tasks for active dag runs
[2024-10-03T16:13:48.841+0300] {scheduler_job_runner.py:1847} INFO - Adopting or resetting orphaned tasks for active dag runs
[2024-10-03T16:18:48.983+0300] {scheduler_job_runner.py:1847} INFO - Adopting or resetting orphaned tasks for active dag runs
[2024-10-03T16:23:49.125+0300] {scheduler_job_runner.py:1847} INFO - Adopting or resetting orphaned tasks for active dag runs
[2024-10-03T19:07:59.573+0300] {job.py:229} INFO - Heartbeat recovered after 9587.90 seconds
[2024-10-03T19:08:30.175+0300] {scheduler_job_runner.py:1847} INFO - Adopting or resetting orphaned tasks for active dag runs
[2024-10-03T19:13:30.311+0300] {scheduler_job_runner.py:1847} INFO - Adopting or resetting orphaned tasks for active dag runs
[2024-10-03T19:18:30.405+0300] {scheduler_job_runner.py:1847} INFO - Adopting or resetting orphaned tasks for active dag runs
[2024-10-03T19:23:30.552+0300] {scheduler_job_runner.py:1847} INFO - Adopting or resetting orphaned tasks for active dag runs
[2024-10-03T19:28:30.693+0300] {scheduler_job_runner.py:1847} INFO - Adopting or resetting orphaned tasks for active dag runs
[2024-10-03T19:33:30.839+0300] {scheduler_job_runner.py:1847} INFO - Adopting or resetting orphaned tasks for active dag runs
[2024-10-03T19:38:30.982+0300] {scheduler_job_runner.py:1847} INFO - Adopting or resetting orphaned tasks for active dag runs
[2024-10-03T19:43:31.124+0300] {scheduler_job_runner.py:1847} INFO - Adopting or resetting orphaned tasks for active dag runs
[2024-10-03T19:48:31.262+0300] {scheduler_job_runner.py:1847} INFO - Adopting or resetting orphaned tasks for active dag runs
[2024-10-03T19:53:31.409+0300] {scheduler_job_runner.py:1847} INFO - Adopting or resetting orphaned tasks for active dag runs
[2024-10-03T19:58:31.548+0300] {scheduler_job_runner.py:1847} INFO - Adopting or resetting orphaned tasks for active dag runs
[2024-10-03T20:03:31.687+0300] {scheduler_job_runner.py:1847} INFO - Adopting or resetting orphaned tasks for active dag runs
[2024-10-03T20:08:31.833+0300] {scheduler_job_runner.py:1847} INFO - Adopting or resetting orphaned tasks for active dag runs
[2024-10-03T20:13:31.968+0300] {scheduler_job_runner.py:1847} INFO - Adopting or resetting orphaned tasks for active dag runs
[2024-10-03T20:18:32.107+0300] {scheduler_job_runner.py:1847} INFO - Adopting or resetting orphaned tasks for active dag runs
[2024-10-03T20:23:32.252+0300] {scheduler_job_runner.py:1847} INFO - Adopting or resetting orphaned tasks for active dag runs
[2024-10-03T20:28:32.390+0300] {scheduler_job_runner.py:1847} INFO - Adopting or resetting orphaned tasks for active dag runs
[2024-10-03T20:33:32.420+0300] {scheduler_job_runner.py:1847} INFO - Adopting or resetting orphaned tasks for active dag runs
[2024-10-03T20:38:32.555+0300] {scheduler_job_runner.py:1847} INFO - Adopting or resetting orphaned tasks for active dag runs
[2024-10-03T20:43:32.696+0300] {scheduler_job_runner.py:1847} INFO - Adopting or resetting orphaned tasks for active dag runs
[2024-10-03T20:48:32.834+0300] {scheduler_job_runner.py:1847} INFO - Adopting or resetting orphaned tasks for active dag runs
[2024-10-03T20:53:32.969+0300] {scheduler_job_runner.py:1847} INFO - Adopting or resetting orphaned tasks for active dag runs
[2024-10-03T20:58:33.107+0300] {scheduler_job_runner.py:1847} INFO - Adopting or resetting orphaned tasks for active dag runs
[2024-10-03T21:03:33.243+0300] {scheduler_job_runner.py:1847} INFO - Adopting or resetting orphaned tasks for active dag runs
[2024-10-03T21:08:33.387+0300] {scheduler_job_runner.py:1847} INFO - Adopting or resetting orphaned tasks for active dag runs
[2024-10-03T21:13:33.528+0300] {scheduler_job_runner.py:1847} INFO - Adopting or resetting orphaned tasks for active dag runs
[2024-10-03T21:18:33.560+0300] {scheduler_job_runner.py:1847} INFO - Adopting or resetting orphaned tasks for active dag runs
[2024-10-03T21:23:33.619+0300] {scheduler_job_runner.py:1847} INFO - Adopting or resetting orphaned tasks for active dag runs
[2024-10-03T21:28:33.761+0300] {scheduler_job_runner.py:1847} INFO - Adopting or resetting orphaned tasks for active dag runs
[2024-10-03T21:33:33.900+0300] {scheduler_job_runner.py:1847} INFO - Adopting or resetting orphaned tasks for active dag runs
[2024-10-03T21:38:34.048+0300] {scheduler_job_runner.py:1847} INFO - Adopting or resetting orphaned tasks for active dag runs
[2024-10-03T21:43:34.192+0300] {scheduler_job_runner.py:1847} INFO - Adopting or resetting orphaned tasks for active dag runs
[2024-10-03T21:48:34.424+0300] {scheduler_job_runner.py:1847} INFO - Adopting or resetting orphaned tasks for active dag runs
[2024-10-03T21:53:34.628+0300] {scheduler_job_runner.py:1847} INFO - Adopting or resetting orphaned tasks for active dag runs
[2024-10-03T21:58:34.770+0300] {scheduler_job_runner.py:1847} INFO - Adopting or resetting orphaned tasks for active dag runs
[2024-10-03T22:03:34.909+0300] {scheduler_job_runner.py:1847} INFO - Adopting or resetting orphaned tasks for active dag runs
[2024-10-03T22:08:35.043+0300] {scheduler_job_runner.py:1847} INFO - Adopting or resetting orphaned tasks for active dag runs
[2024-10-03T22:13:35.186+0300] {scheduler_job_runner.py:1847} INFO - Adopting or resetting orphaned tasks for active dag runs
[2024-10-03T22:18:35.327+0300] {scheduler_job_runner.py:1847} INFO - Adopting or resetting orphaned tasks for active dag runs
[2024-10-03T22:23:35.463+0300] {scheduler_job_runner.py:1847} INFO - Adopting or resetting orphaned tasks for active dag runs
[2024-10-03T22:28:35.612+0300] {scheduler_job_runner.py:1847} INFO - Adopting or resetting orphaned tasks for active dag runs
[2024-10-03T22:33:35.765+0300] {scheduler_job_runner.py:1847} INFO - Adopting or resetting orphaned tasks for active dag runs
[2024-10-03T22:38:35.909+0300] {scheduler_job_runner.py:1847} INFO - Adopting or resetting orphaned tasks for active dag runs
[2024-10-03T22:43:36.058+0300] {scheduler_job_runner.py:1847} INFO - Adopting or resetting orphaned tasks for active dag runs
[2024-10-03T22:48:36.191+0300] {scheduler_job_runner.py:1847} INFO - Adopting or resetting orphaned tasks for active dag runs
[2024-10-03T22:53:36.329+0300] {scheduler_job_runner.py:1847} INFO - Adopting or resetting orphaned tasks for active dag runs
[2024-10-03T22:58:36.467+0300] {scheduler_job_runner.py:1847} INFO - Adopting or resetting orphaned tasks for active dag runs
[2024-10-03T23:03:36.611+0300] {scheduler_job_runner.py:1847} INFO - Adopting or resetting orphaned tasks for active dag runs
[2024-10-03T23:08:36.716+0300] {scheduler_job_runner.py:1847} INFO - Adopting or resetting orphaned tasks for active dag runs
[2024-10-03T23:13:36.850+0300] {scheduler_job_runner.py:1847} INFO - Adopting or resetting orphaned tasks for active dag runs
[2024-10-03T23:18:37.135+0300] {scheduler_job_runner.py:1847} INFO - Adopting or resetting orphaned tasks for active dag runs
[2024-10-03T23:23:37.264+0300] {scheduler_job_runner.py:1847} INFO - Adopting or resetting orphaned tasks for active dag runs
[2024-10-03T23:28:37.401+0300] {scheduler_job_runner.py:1847} INFO - Adopting or resetting orphaned tasks for active dag runs
[2024-10-03T23:33:37.541+0300] {scheduler_job_runner.py:1847} INFO - Adopting or resetting orphaned tasks for active dag runs
[2024-10-03T23:38:37.687+0300] {scheduler_job_runner.py:1847} INFO - Adopting or resetting orphaned tasks for active dag runs
[2024-10-03T23:43:37.825+0300] {scheduler_job_runner.py:1847} INFO - Adopting or resetting orphaned tasks for active dag runs
[2024-10-03T23:48:37.969+0300] {scheduler_job_runner.py:1847} INFO - Adopting or resetting orphaned tasks for active dag runs
[2024-10-03T23:53:38.110+0300] {scheduler_job_runner.py:1847} INFO - Adopting or resetting orphaned tasks for active dag runs
[2024-10-03T23:58:38.250+0300] {scheduler_job_runner.py:1847} INFO - Adopting or resetting orphaned tasks for active dag runs
[2024-10-04T00:03:38.511+0300] {scheduler_job_runner.py:1847} INFO - Adopting or resetting orphaned tasks for active dag runs
[2024-10-04T00:08:38.520+0300] {scheduler_job_runner.py:1847} INFO - Adopting or resetting orphaned tasks for active dag runs
[2024-10-04T00:13:38.810+0300] {scheduler_job_runner.py:1847} INFO - Adopting or resetting orphaned tasks for active dag runs
[2024-10-04T00:18:38.969+0300] {scheduler_job_runner.py:1847} INFO - Adopting or resetting orphaned tasks for active dag runs
[2024-10-04T00:23:39.132+0300] {scheduler_job_runner.py:1847} INFO - Adopting or resetting orphaned tasks for active dag runs
[2024-10-04T00:28:39.285+0300] {scheduler_job_runner.py:1847} INFO - Adopting or resetting orphaned tasks for active dag runs
[2024-10-04T00:33:39.444+0300] {scheduler_job_runner.py:1847} INFO - Adopting or resetting orphaned tasks for active dag runs
[2024-10-04T00:38:39.589+0300] {scheduler_job_runner.py:1847} INFO - Adopting or resetting orphaned tasks for active dag runs
[2024-10-04T00:43:39.683+0300] {scheduler_job_runner.py:1847} INFO - Adopting or resetting orphaned tasks for active dag runs
[2024-10-04T00:48:39.837+0300] {scheduler_job_runner.py:1847} INFO - Adopting or resetting orphaned tasks for active dag runs
[2024-10-04T00:53:39.992+0300] {scheduler_job_runner.py:1847} INFO - Adopting or resetting orphaned tasks for active dag runs
[2024-10-04T00:58:40.138+0300] {scheduler_job_runner.py:1847} INFO - Adopting or resetting orphaned tasks for active dag runs
[2024-10-04T01:03:40.301+0300] {scheduler_job_runner.py:1847} INFO - Adopting or resetting orphaned tasks for active dag runs
[2024-10-04T01:08:40.444+0300] {scheduler_job_runner.py:1847} INFO - Adopting or resetting orphaned tasks for active dag runs
[2024-10-04T01:13:40.604+0300] {scheduler_job_runner.py:1847} INFO - Adopting or resetting orphaned tasks for active dag runs
[2024-10-04T07:31:44.637+0300] {job.py:229} INFO - Heartbeat recovered after 22481.38 seconds
[2024-10-04T07:33:17.645+0300] {scheduler_job_runner.py:1847} INFO - Adopting or resetting orphaned tasks for active dag runs
[2024-10-04T07:38:17.785+0300] {scheduler_job_runner.py:1847} INFO - Adopting or resetting orphaned tasks for active dag runs
[2024-10-04T07:43:17.916+0300] {scheduler_job_runner.py:1847} INFO - Adopting or resetting orphaned tasks for active dag runs
[2024-10-04T07:48:17.967+0300] {scheduler_job_runner.py:1847} INFO - Adopting or resetting orphaned tasks for active dag runs
[2024-10-04T07:53:18.098+0300] {scheduler_job_runner.py:1847} INFO - Adopting or resetting orphaned tasks for active dag runs
[2024-10-04T07:58:18.238+0300] {scheduler_job_runner.py:1847} INFO - Adopting or resetting orphaned tasks for active dag runs
[2024-10-04T08:03:18.484+0300] {scheduler_job_runner.py:1847} INFO - Adopting or resetting orphaned tasks for active dag runs
[2024-10-04T08:08:18.623+0300] {scheduler_job_runner.py:1847} INFO - Adopting or resetting orphaned tasks for active dag runs
[2024-10-04T08:09:07.489+0300] {manager.py:537} INFO - DAG data_pipeline is missing and will be deactivated.
[2024-10-04T08:09:07.495+0300] {manager.py:549} INFO - Deactivated 1 DAGs which are no longer present in file.
[2024-10-04T08:09:07.505+0300] {manager.py:553} INFO - Deleted DAG data_pipeline in serialized_dag table
[2024-10-04T08:13:18.762+0300] {scheduler_job_runner.py:1847} INFO - Adopting or resetting orphaned tasks for active dag runs
[2024-10-04T08:15:10.479+0300] {manager.py:537} INFO - DAG dvc_pipeline is missing and will be deactivated.
[2024-10-04T08:15:10.481+0300] {manager.py:549} INFO - Deactivated 1 DAGs which are no longer present in file.
[2024-10-04T08:15:10.492+0300] {manager.py:553} INFO - Deleted DAG dvc_pipeline in serialized_dag table
[2024-10-04T08:18:18.893+0300] {scheduler_job_runner.py:1847} INFO - Adopting or resetting orphaned tasks for active dag runs
[2024-10-04T08:23:19.035+0300] {scheduler_job_runner.py:1847} INFO - Adopting or resetting orphaned tasks for active dag runs
[2024-10-04T08:28:19.173+0300] {scheduler_job_runner.py:1847} INFO - Adopting or resetting orphaned tasks for active dag runs
[2024-10-04T08:29:19.046+0300] {manager.py:537} INFO - DAG dvc_pipeline_dag is missing and will be deactivated.
[2024-10-04T08:29:19.048+0300] {manager.py:549} INFO - Deactivated 1 DAGs which are no longer present in file.
[2024-10-04T08:29:19.059+0300] {manager.py:553} INFO - Deleted DAG dvc_pipeline_dag in serialized_dag table
[2024-10-04T08:33:19.310+0300] {scheduler_job_runner.py:1847} INFO - Adopting or resetting orphaned tasks for active dag runs
[2024-10-04T08:37:22.082+0300] {scheduler_job_runner.py:260} INFO - Exiting gracefully upon receiving signal 15
[2024-10-04T08:37:22.179+0300] {process_utils.py:132} INFO - Sending Signals.SIGTERM to group 31808. PIDs of all processes in the group: []
[2024-10-04T08:37:22.179+0300] {process_utils.py:87} INFO - Sending the signal Signals.SIGTERM to group 31808
[2024-10-04T08:37:22.180+0300] {process_utils.py:101} INFO - Sending the signal Signals.SIGTERM to process 31808 as process group is missing.
[2024-10-04T08:37:22.182+0300] {process_utils.py:132} INFO - Sending Signals.SIGTERM to group 31808. PIDs of all processes in the group: []
[2024-10-04T08:37:22.182+0300] {process_utils.py:87} INFO - Sending the signal Signals.SIGTERM to group 31808
[2024-10-04T08:37:22.182+0300] {process_utils.py:101} INFO - Sending the signal Signals.SIGTERM to process 31808 as process group is missing.
[2024-10-04T08:37:22.182+0300] {scheduler_job_runner.py:1014} INFO - Exited execute loop
